\BOOKMARK [0][-]{chapter.1}{\376\377\0001\000\040\000T\000h\000e\000\040\000m\000a\000i\000n\000\040\000p\000a\000g\000e\000\040\000f\000o\000r\000\040\000t\000h\000e\000\040\000g\000a\000m\000e\000\040\000F\000a\000u\000l\000t\000I\000n\000O\000u\000r\000P\000o\000n\000g\000.}{}% 1
\BOOKMARK [0][-]{chapter.2}{\376\377\0002\000\040\000N\000a\000m\000e\000s\000p\000a\000c\000e\000\040\000I\000n\000d\000e\000x}{}% 2
\BOOKMARK [1][-]{section.2.1}{\376\377\0002\000.\0001\000\040\000P\000a\000c\000k\000a\000g\000e\000s}{chapter.2}% 3
\BOOKMARK [0][-]{chapter.3}{\376\377\0003\000\040\000H\000i\000e\000r\000a\000r\000c\000h\000i\000c\000a\000l\000\040\000I\000n\000d\000e\000x}{}% 4
\BOOKMARK [1][-]{section.3.1}{\376\377\0003\000.\0001\000\040\000C\000l\000a\000s\000s\000\040\000H\000i\000e\000r\000a\000r\000c\000h\000y}{chapter.3}% 5
\BOOKMARK [0][-]{chapter.4}{\376\377\0004\000\040\000C\000l\000a\000s\000s\000\040\000I\000n\000d\000e\000x}{}% 6
\BOOKMARK [1][-]{section.4.1}{\376\377\0004\000.\0001\000\040\000C\000l\000a\000s\000s\000\040\000L\000i\000s\000t}{chapter.4}% 7
\BOOKMARK [0][-]{chapter.5}{\376\377\0005\000\040\000F\000i\000l\000e\000\040\000I\000n\000d\000e\000x}{}% 8
\BOOKMARK [1][-]{section.5.1}{\376\377\0005\000.\0001\000\040\000F\000i\000l\000e\000\040\000L\000i\000s\000t}{chapter.5}% 9
\BOOKMARK [0][-]{chapter.6}{\376\377\0006\000\040\000N\000a\000m\000e\000s\000p\000a\000c\000e\000\040\000D\000o\000c\000u\000m\000e\000n\000t\000a\000t\000i\000o\000n}{}% 10
\BOOKMARK [1][-]{section.6.1}{\376\377\0006\000.\0001\000\040\000P\000a\000c\000k\000a\000g\000e\000\040\000m\000o\000d\000e\000l}{chapter.6}% 11
\BOOKMARK [1][-]{section.6.2}{\376\377\0006\000.\0002\000\040\000P\000a\000c\000k\000a\000g\000e\000\040\000s\000t\000a\000r\000t\000G\000a\000m\000e}{chapter.6}% 12
\BOOKMARK [1][-]{section.6.3}{\376\377\0006\000.\0003\000\040\000P\000a\000c\000k\000a\000g\000e\000\040\000v\000i\000e\000w}{chapter.6}% 13
\BOOKMARK [0][-]{chapter.7}{\376\377\0007\000\040\000C\000l\000a\000s\000s\000\040\000D\000o\000c\000u\000m\000e\000n\000t\000a\000t\000i\000o\000n}{}% 14
\BOOKMARK [1][-]{section.7.1}{\376\377\0007\000.\0001\000\040\000m\000o\000d\000e\000l\000.\000B\000a\000l\000l\000\040\000C\000l\000a\000s\000s\000\040\000R\000e\000f\000e\000r\000e\000n\000c\000e}{chapter.7}% 15
\BOOKMARK [2][-]{subsection.7.1.1}{\376\377\0007\000.\0001\000.\0001\000\040\000C\000o\000n\000s\000t\000r\000u\000c\000t\000o\000r\000\040\000\046\000\040\000D\000e\000s\000t\000r\000u\000c\000t\000o\000r\000\040\000D\000o\000c\000u\000m\000e\000n\000t\000a\000t\000i\000o\000n}{section.7.1}% 16
\BOOKMARK [3][-]{subsubsection.7.1.1.1}{\376\377\0007\000.\0001\000.\0001\000.\0001\000\040\000B\000a\000l\000l\000\050\000\051}{subsection.7.1.1}% 17
\BOOKMARK [2][-]{subsection.7.1.2}{\376\377\0007\000.\0001\000.\0002\000\040\000M\000e\000m\000b\000e\000r\000\040\000F\000u\000n\000c\000t\000i\000o\000n\000\040\000D\000o\000c\000u\000m\000e\000n\000t\000a\000t\000i\000o\000n}{section.7.1}% 18
\BOOKMARK [3][-]{subsubsection.7.1.2.1}{\376\377\0007\000.\0001\000.\0002\000.\0001\000\040\000g\000e\000t\000P\000o\000s\000i\000t\000i\000o\000n\000X\000\050\000\051}{subsection.7.1.2}% 19
\BOOKMARK [3][-]{subsubsection.7.1.2.2}{\376\377\0007\000.\0001\000.\0002\000.\0002\000\040\000g\000e\000t\000P\000o\000s\000i\000t\000i\000o\000n\000Y\000\050\000\051}{subsection.7.1.2}% 20
\BOOKMARK [3][-]{subsubsection.7.1.2.3}{\376\377\0007\000.\0001\000.\0002\000.\0003\000\040\000g\000e\000t\000S\000i\000z\000e\000\050\000\051}{subsection.7.1.2}% 21
\BOOKMARK [3][-]{subsubsection.7.1.2.4}{\376\377\0007\000.\0001\000.\0002\000.\0004\000\040\000s\000e\000t\000P\000o\000s\000i\000t\000i\000o\000n\000X\000\050\000\051}{subsection.7.1.2}% 22
\BOOKMARK [3][-]{subsubsection.7.1.2.5}{\376\377\0007\000.\0001\000.\0002\000.\0005\000\040\000s\000e\000t\000P\000o\000s\000i\000t\000i\000o\000n\000Y\000\050\000\051}{subsection.7.1.2}% 23
\BOOKMARK [2][-]{subsection.7.1.3}{\376\377\0007\000.\0001\000.\0003\000\040\000M\000e\000m\000b\000e\000r\000\040\000D\000a\000t\000a\000\040\000D\000o\000c\000u\000m\000e\000n\000t\000a\000t\000i\000o\000n}{section.7.1}% 24
\BOOKMARK [3][-]{subsubsection.7.1.3.1}{\376\377\0007\000.\0001\000.\0003\000.\0001\000\040\000p\000o\000s\000i\000t\000i\000o\000n\000X}{subsection.7.1.3}% 25
\BOOKMARK [3][-]{subsubsection.7.1.3.2}{\376\377\0007\000.\0001\000.\0003\000.\0002\000\040\000p\000o\000s\000i\000t\000i\000o\000n\000Y}{subsection.7.1.3}% 26
\BOOKMARK [3][-]{subsubsection.7.1.3.3}{\376\377\0007\000.\0001\000.\0003\000.\0003\000\040\000S\000I\000Z\000E}{subsection.7.1.3}% 27
\BOOKMARK [3][-]{subsubsection.7.1.3.4}{\376\377\0007\000.\0001\000.\0003\000.\0004\000\040\000s\000p\000e\000e\000d}{subsection.7.1.3}% 28
\BOOKMARK [1][-]{section.7.2}{\376\377\0007\000.\0002\000\040\000s\000t\000a\000r\000t\000G\000a\000m\000e\000.\000G\000a\000m\000e\000C\000o\000n\000t\000r\000o\000l\000l\000e\000r\000\040\000C\000l\000a\000s\000s\000\040\000R\000e\000f\000e\000r\000e\000n\000c\000e}{chapter.7}% 29
\BOOKMARK [2][-]{subsection.7.2.1}{\376\377\0007\000.\0002\000.\0001\000\040\000C\000o\000n\000s\000t\000r\000u\000c\000t\000o\000r\000\040\000\046\000\040\000D\000e\000s\000t\000r\000u\000c\000t\000o\000r\000\040\000D\000o\000c\000u\000m\000e\000n\000t\000a\000t\000i\000o\000n}{section.7.2}% 30
\BOOKMARK [3][-]{subsubsection.7.2.1.1}{\376\377\0007\000.\0002\000.\0001\000.\0001\000\040\000G\000a\000m\000e\000C\000o\000n\000t\000r\000o\000l\000l\000e\000r\000\050\000\051}{subsection.7.2.1}% 31
\BOOKMARK [2][-]{subsection.7.2.2}{\376\377\0007\000.\0002\000.\0002\000\040\000M\000e\000m\000b\000e\000r\000\040\000F\000u\000n\000c\000t\000i\000o\000n\000\040\000D\000o\000c\000u\000m\000e\000n\000t\000a\000t\000i\000o\000n}{section.7.2}% 32
\BOOKMARK [3][-]{subsubsection.7.2.2.1}{\376\377\0007\000.\0002\000.\0002\000.\0001\000\040\000c\000h\000e\000c\000k\000G\000a\000m\000e\000O\000v\000e\000r\000\050\000\051}{subsection.7.2.2}% 33
\BOOKMARK [3][-]{subsubsection.7.2.2.2}{\376\377\0007\000.\0002\000.\0002\000.\0002\000\040\000d\000i\000s\000p\000l\000a\000y\000\050\000\051}{subsection.7.2.2}% 34
\BOOKMARK [2][-]{subsection.7.2.3}{\376\377\0007\000.\0002\000.\0003\000\040\000M\000e\000m\000b\000e\000r\000\040\000D\000a\000t\000a\000\040\000D\000o\000c\000u\000m\000e\000n\000t\000a\000t\000i\000o\000n}{section.7.2}% 35
\BOOKMARK [3][-]{subsubsection.7.2.3.1}{\376\377\0007\000.\0002\000.\0003\000.\0001\000\040\000A\000D\000V\000A\000N\000C\000E}{subsection.7.2.3}% 36
\BOOKMARK [3][-]{subsubsection.7.2.3.2}{\376\377\0007\000.\0002\000.\0003\000.\0002\000\040\000a\000i}{subsection.7.2.3}% 37
\BOOKMARK [3][-]{subsubsection.7.2.3.3}{\376\377\0007\000.\0002\000.\0003\000.\0003\000\040\000b}{subsection.7.2.3}% 38
\BOOKMARK [3][-]{subsubsection.7.2.3.4}{\376\377\0007\000.\0002\000.\0003\000.\0004\000\040\000b\000a\000l\000l\000X}{subsection.7.2.3}% 39
\BOOKMARK [3][-]{subsubsection.7.2.3.5}{\376\377\0007\000.\0002\000.\0003\000.\0005\000\040\000b\000o\000m\000b}{subsection.7.2.3}% 40
\BOOKMARK [3][-]{subsubsection.7.2.3.6}{\376\377\0007\000.\0002\000.\0003\000.\0006\000\040\000b\000o\000m\000b\000X}{subsection.7.2.3}% 41
\BOOKMARK [3][-]{subsubsection.7.2.3.7}{\376\377\0007\000.\0002\000.\0003\000.\0007\000\040\000b\000o\000t\000t\000o\000m\000P\000a\000d\000X}{subsection.7.2.3}% 42
\BOOKMARK [3][-]{subsubsection.7.2.3.8}{\376\377\0007\000.\0002\000.\0003\000.\0008\000\040\000f\000r\000a\000m\000e\000W\000i\000d\000t\000h}{subsection.7.2.3}% 43
\BOOKMARK [3][-]{subsubsection.7.2.3.9}{\376\377\0007\000.\0002\000.\0003\000.\0009\000\040\000g\000a\000m\000e\000D\000i\000s\000p\000l\000a\000y}{subsection.7.2.3}% 44
\BOOKMARK [3][-]{subsubsection.7.2.3.10}{\376\377\0007\000.\0002\000.\0003\000.\0001\0000\000\040\000g\000a\000m\000e\000F\000r\000a\000m\000e}{subsection.7.2.3}% 45
\BOOKMARK [3][-]{subsubsection.7.2.3.11}{\376\377\0007\000.\0002\000.\0003\000.\0001\0001\000\040\000g\000a\000m\000e\000M\000o\000d\000e}{subsection.7.2.3}% 46
\BOOKMARK [3][-]{subsubsection.7.2.3.12}{\376\377\0007\000.\0002\000.\0003\000.\0001\0002\000\040\000i\000n\000s\000e\000t}{subsection.7.2.3}% 47
\BOOKMARK [3][-]{subsubsection.7.2.3.13}{\376\377\0007\000.\0002\000.\0003\000.\0001\0003\000\040\000k\000e\000y\000s}{subsection.7.2.3}% 48
\BOOKMARK [3][-]{subsubsection.7.2.3.14}{\376\377\0007\000.\0002\000.\0003\000.\0001\0004\000\040\000m}{subsection.7.2.3}% 49
\BOOKMARK [3][-]{subsubsection.7.2.3.15}{\376\377\0007\000.\0002\000.\0003\000.\0001\0005\000\040\000m\000o\000d\000e}{subsection.7.2.3}% 50
\BOOKMARK [3][-]{subsubsection.7.2.3.16}{\376\377\0007\000.\0002\000.\0003\000.\0001\0006\000\040\000p\000a\000d\000d\000l\000e\000\137\000p\000l\000a\000y\000e\000r}{subsection.7.2.3}% 51
\BOOKMARK [3][-]{subsubsection.7.2.3.17}{\376\377\0007\000.\0002\000.\0003\000.\0001\0007\000\040\000p\000a\000d\000W\000i\000d\000t\000h}{subsection.7.2.3}% 52
\BOOKMARK [3][-]{subsubsection.7.2.3.18}{\376\377\0007\000.\0002\000.\0003\000.\0001\0008\000\040\000p\000l\000a\000y\000e\000r}{subsection.7.2.3}% 53
\BOOKMARK [3][-]{subsubsection.7.2.3.19}{\376\377\0007\000.\0002\000.\0003\000.\0001\0009\000\040\000r\000e\000c\000o\000r\000d}{subsection.7.2.3}% 54
\BOOKMARK [3][-]{subsubsection.7.2.3.20}{\376\377\0007\000.\0002\000.\0003\000.\0002\0000\000\040\000s\000c\000o\000r\000e\000T\000o\000p}{subsection.7.2.3}% 55
\BOOKMARK [3][-]{subsubsection.7.2.3.21}{\376\377\0007\000.\0002\000.\0003\000.\0002\0001\000\040\000S\000I\000N\000G\000L\000E}{subsection.7.2.3}% 56
\BOOKMARK [3][-]{subsubsection.7.2.3.22}{\376\377\0007\000.\0002\000.\0003\000.\0002\0002\000\040\000t}{subsection.7.2.3}% 57
\BOOKMARK [3][-]{subsubsection.7.2.3.23}{\376\377\0007\000.\0002\000.\0003\000.\0002\0003\000\040\000t\000u\000t}{subsection.7.2.3}% 58
\BOOKMARK [3][-]{subsubsection.7.2.3.24}{\376\377\0007\000.\0002\000.\0003\000.\0002\0004\000\040\000v}{subsection.7.2.3}% 59
\BOOKMARK [3][-]{subsubsection.7.2.3.25}{\376\377\0007\000.\0002\000.\0003\000.\0002\0005\000\040\000v\000e\000l\000X}{subsection.7.2.3}% 60
\BOOKMARK [3][-]{subsubsection.7.2.3.26}{\376\377\0007\000.\0002\000.\0003\000.\0002\0006\000\040\000w}{subsection.7.2.3}% 61
\BOOKMARK [1][-]{section.7.3}{\376\377\0007\000.\0003\000\040\000m\000o\000d\000e\000l\000.\000G\000a\000m\000e\000M\000o\000d\000e\000l\000\040\000C\000l\000a\000s\000s\000\040\000R\000e\000f\000e\000r\000e\000n\000c\000e}{chapter.7}% 62
\BOOKMARK [2][-]{subsection.7.3.1}{\376\377\0007\000.\0003\000.\0001\000\040\000C\000o\000n\000s\000t\000r\000u\000c\000t\000o\000r\000\040\000\046\000\040\000D\000e\000s\000t\000r\000u\000c\000t\000o\000r\000\040\000D\000o\000c\000u\000m\000e\000n\000t\000a\000t\000i\000o\000n}{section.7.3}% 63
\BOOKMARK [3][-]{subsubsection.7.3.1.1}{\376\377\0007\000.\0003\000.\0001\000.\0001\000\040\000G\000a\000m\000e\000M\000o\000d\000e\000l\000\050\000\051}{subsection.7.3.1}% 64
\BOOKMARK [2][-]{subsection.7.3.2}{\376\377\0007\000.\0003\000.\0002\000\040\000M\000e\000m\000b\000e\000r\000\040\000F\000u\000n\000c\000t\000i\000o\000n\000\040\000D\000o\000c\000u\000m\000e\000n\000t\000a\000t\000i\000o\000n}{section.7.3}% 65
\BOOKMARK [3][-]{subsubsection.7.3.2.1}{\376\377\0007\000.\0003\000.\0002\000.\0001\000\040\000g\000e\000t\000B\000a\000l\000l\000\050\000\051}{subsection.7.3.2}% 66
\BOOKMARK [3][-]{subsubsection.7.3.2.2}{\376\377\0007\000.\0003\000.\0002\000.\0002\000\040\000g\000e\000t\000B\000o\000m\000b\000\050\000\051}{subsection.7.3.2}% 67
\BOOKMARK [3][-]{subsubsection.7.3.2.3}{\376\377\0007\000.\0003\000.\0002\000.\0003\000\040\000g\000e\000t\000C\000o\000m\000p\000u\000t\000e\000r\000\050\000\051}{subsection.7.3.2}% 68
\BOOKMARK [3][-]{subsubsection.7.3.2.4}{\376\377\0007\000.\0003\000.\0002\000.\0004\000\040\000g\000e\000t\000C\000o\000m\000p\000u\000t\000e\000r\000P\000a\000d\000d\000l\000e\000\050\000\051}{subsection.7.3.2}% 69
\BOOKMARK [3][-]{subsubsection.7.3.2.5}{\376\377\0007\000.\0003\000.\0002\000.\0005\000\040\000g\000e\000t\000P\000l\000a\000y\000e\000r\000\050\000\051}{subsection.7.3.2}% 70
\BOOKMARK [3][-]{subsubsection.7.3.2.6}{\376\377\0007\000.\0003\000.\0002\000.\0006\000\040\000g\000e\000t\000P\000l\000a\000y\000e\000r\000P\000a\000d\000d\000l\000e\000\050\000\051}{subsection.7.3.2}% 71
\BOOKMARK [3][-]{subsubsection.7.3.2.7}{\376\377\0007\000.\0003\000.\0002\000.\0007\000\040\000s\000e\000t\000B\000a\000l\000l\000\050\000\051}{subsection.7.3.2}% 72
\BOOKMARK [3][-]{subsubsection.7.3.2.8}{\376\377\0007\000.\0003\000.\0002\000.\0008\000\040\000s\000e\000t\000B\000o\000m\000b\000\050\000\051}{subsection.7.3.2}% 73
\BOOKMARK [2][-]{subsection.7.3.3}{\376\377\0007\000.\0003\000.\0003\000\040\000M\000e\000m\000b\000e\000r\000\040\000D\000a\000t\000a\000\040\000D\000o\000c\000u\000m\000e\000n\000t\000a\000t\000i\000o\000n}{section.7.3}% 74
\BOOKMARK [3][-]{subsubsection.7.3.3.1}{\376\377\0007\000.\0003\000.\0003\000.\0001\000\040\000b}{subsection.7.3.3}% 75
\BOOKMARK [3][-]{subsubsection.7.3.3.2}{\376\377\0007\000.\0003\000.\0003\000.\0002\000\040\000p\000\137\000p\000l\000a\000y\000e\000r}{subsection.7.3.3}% 76
\BOOKMARK [3][-]{subsubsection.7.3.3.3}{\376\377\0007\000.\0003\000.\0003\000.\0003\000\040\000p\000l\000a\000y\000e\000r}{subsection.7.3.3}% 77
\BOOKMARK [1][-]{section.7.4}{\376\377\0007\000.\0004\000\040\000v\000i\000e\000w\000.\000G\000a\000m\000e\000V\000i\000e\000w\000\040\000C\000l\000a\000s\000s\000\040\000R\000e\000f\000e\000r\000e\000n\000c\000e}{chapter.7}% 78
\BOOKMARK [2][-]{subsection.7.4.1}{\376\377\0007\000.\0004\000.\0001\000\040\000C\000o\000n\000s\000t\000r\000u\000c\000t\000o\000r\000\040\000\046\000\040\000D\000e\000s\000t\000r\000u\000c\000t\000o\000r\000\040\000D\000o\000c\000u\000m\000e\000n\000t\000a\000t\000i\000o\000n}{section.7.4}% 79
\BOOKMARK [3][-]{subsubsection.7.4.1.1}{\376\377\0007\000.\0004\000.\0001\000.\0001\000\040\000G\000a\000m\000e\000V\000i\000e\000w\000\050\000\051}{subsection.7.4.1}% 80
\BOOKMARK [2][-]{subsection.7.4.2}{\376\377\0007\000.\0004\000.\0002\000\040\000M\000e\000m\000b\000e\000r\000\040\000F\000u\000n\000c\000t\000i\000o\000n\000\040\000D\000o\000c\000u\000m\000e\000n\000t\000a\000t\000i\000o\000n}{section.7.4}% 81
\BOOKMARK [3][-]{subsubsection.7.4.2.1}{\376\377\0007\000.\0004\000.\0002\000.\0001\000\040\000c\000a\000n\000n\000o\000t\000L\000o\000a\000d\000M\000e\000s\000s\000a\000g\000e\000\050\000\051}{subsection.7.4.2}% 82
\BOOKMARK [3][-]{subsubsection.7.4.2.2}{\376\377\0007\000.\0004\000.\0002\000.\0002\000\040\000c\000r\000e\000a\000t\000e\000G\000a\000m\000e\000\050\000\051}{subsection.7.4.2}% 83
\BOOKMARK [3][-]{subsubsection.7.4.2.3}{\376\377\0007\000.\0004\000.\0002\000.\0003\000\040\000d\000i\000s\000p\000l\000a\000y\000\050\000\051}{subsection.7.4.2}% 84
\BOOKMARK [3][-]{subsubsection.7.4.2.4}{\376\377\0007\000.\0004\000.\0002\000.\0004\000\040\000g\000a\000m\000e\000O\000v\000e\000r\000\050\000\051}{subsection.7.4.2}% 85
\BOOKMARK [3][-]{subsubsection.7.4.2.5}{\376\377\0007\000.\0004\000.\0002\000.\0005\000\040\000g\000e\000t\000F\000r\000a\000m\000e\000H\000e\000i\000g\000h\000t\000\050\000\051}{subsection.7.4.2}% 86
\BOOKMARK [3][-]{subsubsection.7.4.2.6}{\376\377\0007\000.\0004\000.\0002\000.\0006\000\040\000g\000e\000t\000F\000r\000a\000m\000e\000W\000i\000d\000t\000h\000\050\000\051}{subsection.7.4.2}% 87
\BOOKMARK [3][-]{subsubsection.7.4.2.7}{\376\377\0007\000.\0004\000.\0002\000.\0007\000\040\000g\000e\000t\000G\000a\000m\000e\000\050\000\051}{subsection.7.4.2}% 88
\BOOKMARK [3][-]{subsubsection.7.4.2.8}{\376\377\0007\000.\0004\000.\0002\000.\0008\000\040\000g\000e\000t\000G\000a\000m\000e\000F\000r\000a\000m\000e\000\050\000\051}{subsection.7.4.2}% 89
\BOOKMARK [3][-]{subsubsection.7.4.2.9}{\376\377\0007\000.\0004\000.\0002\000.\0009\000\040\000g\000e\000t\000m\000o\000d\000e\000\050\000\051}{subsection.7.4.2}% 90
\BOOKMARK [3][-]{subsubsection.7.4.2.10}{\376\377\0007\000.\0004\000.\0002\000.\0001\0000\000\040\000g\000e\000t\000T\000u\000t\000o\000r\000i\000a\000l\000\050\000\051}{subsection.7.4.2}% 91
\BOOKMARK [3][-]{subsubsection.7.4.2.11}{\376\377\0007\000.\0004\000.\0002\000.\0001\0001\000\040\000g\000e\000t\000W\000e\000l\000c\000o\000m\000e\000\050\000\051}{subsection.7.4.2}% 92
\BOOKMARK [3][-]{subsubsection.7.4.2.12}{\376\377\0007\000.\0004\000.\0002\000.\0001\0002\000\040\000n\000o\000F\000i\000l\000e\000A\000v\000a\000i\000l\000M\000e\000s\000s\000a\000g\000e\000\050\000\051}{subsection.7.4.2}% 93
\BOOKMARK [3][-]{subsubsection.7.4.2.13}{\376\377\0007\000.\0004\000.\0002\000.\0001\0003\000\040\000t\000u\000t\000o\000r\000i\000a\000l\000P\000a\000g\000e\000\050\000\051}{subsection.7.4.2}% 94
\BOOKMARK [2][-]{subsection.7.4.3}{\376\377\0007\000.\0004\000.\0003\000\040\000M\000e\000m\000b\000e\000r\000\040\000D\000a\000t\000a\000\040\000D\000o\000c\000u\000m\000e\000n\000t\000a\000t\000i\000o\000n}{section.7.4}% 95
\BOOKMARK [3][-]{subsubsection.7.4.3.1}{\376\377\0007\000.\0004\000.\0003\000.\0001\000\040\000F\000R\000A\000M\000E\000H\000E\000I\000G\000H\000T}{subsection.7.4.3}% 96
\BOOKMARK [3][-]{subsubsection.7.4.3.2}{\376\377\0007\000.\0004\000.\0003\000.\0002\000\040\000F\000R\000A\000M\000E\000W\000I\000D\000T\000H}{subsection.7.4.3}% 97
\BOOKMARK [3][-]{subsubsection.7.4.3.3}{\376\377\0007\000.\0004\000.\0003\000.\0003\000\040\000g\000a\000m\000e\000F\000r\000a\000m\000e}{subsection.7.4.3}% 98
\BOOKMARK [3][-]{subsubsection.7.4.3.4}{\376\377\0007\000.\0004\000.\0003\000.\0004\000\040\000m\000o\000d\000e}{subsection.7.4.3}% 99
\BOOKMARK [3][-]{subsubsection.7.4.3.5}{\376\377\0007\000.\0004\000.\0003\000.\0005\000\040\000p\000o\000n\000g\000g\000a\000m\000e}{subsection.7.4.3}% 100
\BOOKMARK [3][-]{subsubsection.7.4.3.6}{\376\377\0007\000.\0004\000.\0003\000.\0006\000\040\000t\000u\000t\000o\000r\000i\000a\000l}{subsection.7.4.3}% 101
\BOOKMARK [3][-]{subsubsection.7.4.3.7}{\376\377\0007\000.\0004\000.\0003\000.\0007\000\040\000w\000e\000l\000c\000o\000m\000e}{subsection.7.4.3}% 102
\BOOKMARK [1][-]{section.7.5}{\376\377\0007\000.\0005\000\040\000v\000i\000e\000w\000.\000M\000o\000d\000e\000\040\000C\000l\000a\000s\000s\000\040\000R\000e\000f\000e\000r\000e\000n\000c\000e}{chapter.7}% 103
\BOOKMARK [2][-]{subsection.7.5.1}{\376\377\0007\000.\0005\000.\0001\000\040\000C\000o\000n\000s\000t\000r\000u\000c\000t\000o\000r\000\040\000\046\000\040\000D\000e\000s\000t\000r\000u\000c\000t\000o\000r\000\040\000D\000o\000c\000u\000m\000e\000n\000t\000a\000t\000i\000o\000n}{section.7.5}% 104
\BOOKMARK [3][-]{subsubsection.7.5.1.1}{\376\377\0007\000.\0005\000.\0001\000.\0001\000\040\000M\000o\000d\000e\000\050\000\051}{subsection.7.5.1}% 105
\BOOKMARK [2][-]{subsection.7.5.2}{\376\377\0007\000.\0005\000.\0002\000\040\000M\000e\000m\000b\000e\000r\000\040\000F\000u\000n\000c\000t\000i\000o\000n\000\040\000D\000o\000c\000u\000m\000e\000n\000t\000a\000t\000i\000o\000n}{section.7.5}% 106
\BOOKMARK [3][-]{subsubsection.7.5.2.1}{\376\377\0007\000.\0005\000.\0002\000.\0001\000\040\000a\000d\000d\000B\000u\000t\000t\000o\000n\000\050\000\051}{subsection.7.5.2}% 107
\BOOKMARK [3][-]{subsubsection.7.5.2.2}{\376\377\0007\000.\0005\000.\0002\000.\0002\000\040\000a\000d\000d\000L\000i\000s\000t\000e\000n\000e\000r\000\050\000\051}{subsection.7.5.2}% 108
\BOOKMARK [3][-]{subsubsection.7.5.2.3}{\376\377\0007\000.\0005\000.\0002\000.\0003\000\040\000g\000e\000t\000S\000i\000n\000g\000l\000e\000\050\000\051}{subsection.7.5.2}% 109
\BOOKMARK [2][-]{subsection.7.5.3}{\376\377\0007\000.\0005\000.\0003\000\040\000M\000e\000m\000b\000e\000r\000\040\000D\000a\000t\000a\000\040\000D\000o\000c\000u\000m\000e\000n\000t\000a\000t\000i\000o\000n}{section.7.5}% 110
\BOOKMARK [3][-]{subsubsection.7.5.3.1}{\376\377\0007\000.\0005\000.\0003\000.\0001\000\040\000b\000u\000t\000t\000o\000n\000P\000a\000n\000e\000l}{subsection.7.5.3}% 111
\BOOKMARK [3][-]{subsubsection.7.5.3.2}{\376\377\0007\000.\0005\000.\0003\000.\0002\000\040\000s\000i\000n\000g\000l\000e}{subsection.7.5.3}% 112
\BOOKMARK [3][-]{subsubsection.7.5.3.3}{\376\377\0007\000.\0005\000.\0003\000.\0003\000\040\000s\000O\000b\000s\000t\000a\000c\000l\000e}{subsection.7.5.3}% 113
\BOOKMARK [1][-]{section.7.6}{\376\377\0007\000.\0006\000\040\000m\000o\000d\000e\000l\000.\000P\000a\000d\000d\000l\000e\000\040\000C\000l\000a\000s\000s\000\040\000R\000e\000f\000e\000r\000e\000n\000c\000e}{chapter.7}% 114
\BOOKMARK [2][-]{subsection.7.6.1}{\376\377\0007\000.\0006\000.\0001\000\040\000C\000o\000n\000s\000t\000r\000u\000c\000t\000o\000r\000\040\000\046\000\040\000D\000e\000s\000t\000r\000u\000c\000t\000o\000r\000\040\000D\000o\000c\000u\000m\000e\000n\000t\000a\000t\000i\000o\000n}{section.7.6}% 115
\BOOKMARK [3][-]{subsubsection.7.6.1.1}{\376\377\0007\000.\0006\000.\0001\000.\0001\000\040\000P\000a\000d\000d\000l\000e\000\050\000\051}{subsection.7.6.1}% 116
\BOOKMARK [2][-]{subsection.7.6.2}{\376\377\0007\000.\0006\000.\0002\000\040\000M\000e\000m\000b\000e\000r\000\040\000F\000u\000n\000c\000t\000i\000o\000n\000\040\000D\000o\000c\000u\000m\000e\000n\000t\000a\000t\000i\000o\000n}{section.7.6}% 117
\BOOKMARK [3][-]{subsubsection.7.6.2.1}{\376\377\0007\000.\0006\000.\0002\000.\0001\000\040\000g\000e\000t\000H\000e\000i\000g\000h\000t\000\050\000\051}{subsection.7.6.2}% 118
\BOOKMARK [3][-]{subsubsection.7.6.2.2}{\376\377\0007\000.\0006\000.\0002\000.\0002\000\040\000g\000e\000t\000I\000n\000s\000e\000t\000\050\000\051}{subsection.7.6.2}% 119
\BOOKMARK [3][-]{subsubsection.7.6.2.3}{\376\377\0007\000.\0006\000.\0002\000.\0003\000\040\000g\000e\000t\000P\000o\000s\000i\000t\000i\000o\000n\000X\000\050\000\051}{subsection.7.6.2}% 120
\BOOKMARK [3][-]{subsubsection.7.6.2.4}{\376\377\0007\000.\0006\000.\0002\000.\0004\000\040\000g\000e\000t\000P\000o\000s\000i\000t\000i\000o\000n\000Y\000\050\000\051}{subsection.7.6.2}% 121
\BOOKMARK [3][-]{subsubsection.7.6.2.5}{\376\377\0007\000.\0006\000.\0002\000.\0005\000\040\000g\000e\000t\000W\000i\000d\000t\000h\000\050\000\051}{subsection.7.6.2}% 122
\BOOKMARK [3][-]{subsubsection.7.6.2.6}{\376\377\0007\000.\0006\000.\0002\000.\0006\000\040\000s\000e\000t\000P\000o\000s\000i\000t\000i\000o\000n\000X\000\050\000\051}{subsection.7.6.2}% 123
\BOOKMARK [3][-]{subsubsection.7.6.2.7}{\376\377\0007\000.\0006\000.\0002\000.\0007\000\040\000s\000e\000t\000P\000o\000s\000i\000t\000i\000o\000n\000Y\000\050\000\051}{subsection.7.6.2}% 124
\BOOKMARK [2][-]{subsection.7.6.3}{\376\377\0007\000.\0006\000.\0003\000\040\000M\000e\000m\000b\000e\000r\000\040\000D\000a\000t\000a\000\040\000D\000o\000c\000u\000m\000e\000n\000t\000a\000t\000i\000o\000n}{section.7.6}% 125
\BOOKMARK [3][-]{subsubsection.7.6.3.1}{\376\377\0007\000.\0006\000.\0003\000.\0001\000\040\000H\000E\000I\000G\000H\000T}{subsection.7.6.3}% 126
\BOOKMARK [3][-]{subsubsection.7.6.3.2}{\376\377\0007\000.\0006\000.\0003\000.\0002\000\040\000I\000N\000S\000E\000T}{subsection.7.6.3}% 127
\BOOKMARK [3][-]{subsubsection.7.6.3.3}{\376\377\0007\000.\0006\000.\0003\000.\0003\000\040\000p\000o\000s\000i\000t\000i\000o\000n\000X}{subsection.7.6.3}% 128
\BOOKMARK [3][-]{subsubsection.7.6.3.4}{\376\377\0007\000.\0006\000.\0003\000.\0004\000\040\000p\000o\000s\000i\000t\000i\000o\000n\000Y}{subsection.7.6.3}% 129
\BOOKMARK [3][-]{subsubsection.7.6.3.5}{\376\377\0007\000.\0006\000.\0003\000.\0005\000\040\000s\000p\000e\000e\000d}{subsection.7.6.3}% 130
\BOOKMARK [3][-]{subsubsection.7.6.3.6}{\376\377\0007\000.\0006\000.\0003\000.\0006\000\040\000W\000I\000D\000T\000H}{subsection.7.6.3}% 131
\BOOKMARK [1][-]{section.7.7}{\376\377\0007\000.\0007\000\040\000m\000o\000d\000e\000l\000.\000P\000l\000a\000y\000e\000r\000\040\000C\000l\000a\000s\000s\000\040\000R\000e\000f\000e\000r\000e\000n\000c\000e}{chapter.7}% 132
\BOOKMARK [2][-]{subsection.7.7.1}{\376\377\0007\000.\0007\000.\0001\000\040\000C\000o\000n\000s\000t\000r\000u\000c\000t\000o\000r\000\040\000\046\000\040\000D\000e\000s\000t\000r\000u\000c\000t\000o\000r\000\040\000D\000o\000c\000u\000m\000e\000n\000t\000a\000t\000i\000o\000n}{section.7.7}% 133
\BOOKMARK [3][-]{subsubsection.7.7.1.1}{\376\377\0007\000.\0007\000.\0001\000.\0001\000\040\000P\000l\000a\000y\000e\000r\000\050\000\051}{subsection.7.7.1}% 134
\BOOKMARK [2][-]{subsection.7.7.2}{\376\377\0007\000.\0007\000.\0002\000\040\000M\000e\000m\000b\000e\000r\000\040\000F\000u\000n\000c\000t\000i\000o\000n\000\040\000D\000o\000c\000u\000m\000e\000n\000t\000a\000t\000i\000o\000n}{section.7.7}% 135
\BOOKMARK [3][-]{subsubsection.7.7.2.1}{\376\377\0007\000.\0007\000.\0002\000.\0001\000\040\000c\000h\000e\000c\000k\000L\000o\000s\000s\000\050\000\051}{subsection.7.7.2}% 136
\BOOKMARK [3][-]{subsubsection.7.7.2.2}{\376\377\0007\000.\0007\000.\0002\000.\0002\000\040\000d\000e\000c\000r\000e\000m\000e\000n\000t\000L\000i\000f\000e\000\050\000\051}{subsection.7.7.2}% 137
\BOOKMARK [3][-]{subsubsection.7.7.2.3}{\376\377\0007\000.\0007\000.\0002\000.\0003\000\040\000g\000e\000t\000S\000c\000o\000r\000e\000\050\000\051}{subsection.7.7.2}% 138
\BOOKMARK [2][-]{subsection.7.7.3}{\376\377\0007\000.\0007\000.\0003\000\040\000M\000e\000m\000b\000e\000r\000\040\000D\000a\000t\000a\000\040\000D\000o\000c\000u\000m\000e\000n\000t\000a\000t\000i\000o\000n}{section.7.7}% 139
\BOOKMARK [3][-]{subsubsection.7.7.3.1}{\376\377\0007\000.\0007\000.\0003\000.\0001\000\040\000L\000I\000F\000E}{subsection.7.7.3}% 140
\BOOKMARK [3][-]{subsubsection.7.7.3.2}{\376\377\0007\000.\0007\000.\0003\000.\0002\000\040\000N\000O\000L\000I\000F\000E}{subsection.7.7.3}% 141
\BOOKMARK [3][-]{subsubsection.7.7.3.3}{\376\377\0007\000.\0007\000.\0003\000.\0003\000\040\000s\000c\000o\000r\000e}{subsection.7.7.3}% 142
\BOOKMARK [1][-]{section.7.8}{\376\377\0007\000.\0008\000\040\000s\000t\000a\000r\000t\000G\000a\000m\000e\000.\000P\000o\000n\000g\000G\000a\000m\000e\000\040\000C\000l\000a\000s\000s\000\040\000R\000e\000f\000e\000r\000e\000n\000c\000e}{chapter.7}% 143
\BOOKMARK [2][-]{subsection.7.8.1}{\376\377\0007\000.\0008\000.\0001\000\040\000M\000e\000m\000b\000e\000r\000\040\000F\000u\000n\000c\000t\000i\000o\000n\000\040\000D\000o\000c\000u\000m\000e\000n\000t\000a\000t\000i\000o\000n}{section.7.8}% 144
\BOOKMARK [3][-]{subsubsection.7.8.1.1}{\376\377\0007\000.\0008\000.\0001\000.\0001\000\040\000m\000a\000i\000n\000\050\000\051}{subsection.7.8.1}% 145
\BOOKMARK [1][-]{section.7.9}{\376\377\0007\000.\0009\000\040\000v\000i\000e\000w\000.\000P\000o\000n\000g\000G\000a\000m\000e\000D\000i\000s\000p\000l\000a\000y\000\040\000C\000l\000a\000s\000s\000\040\000R\000e\000f\000e\000r\000e\000n\000c\000e}{chapter.7}% 146
\BOOKMARK [2][-]{subsection.7.9.1}{\376\377\0007\000.\0009\000.\0001\000\040\000C\000o\000n\000s\000t\000r\000u\000c\000t\000o\000r\000\040\000\046\000\040\000D\000e\000s\000t\000r\000u\000c\000t\000o\000r\000\040\000D\000o\000c\000u\000m\000e\000n\000t\000a\000t\000i\000o\000n}{section.7.9}% 147
\BOOKMARK [3][-]{subsubsection.7.9.1.1}{\376\377\0007\000.\0009\000.\0001\000.\0001\000\040\000P\000o\000n\000g\000G\000a\000m\000e\000D\000i\000s\000p\000l\000a\000y\000\050\000\051}{subsection.7.9.1}% 148
\BOOKMARK [2][-]{subsection.7.9.2}{\376\377\0007\000.\0009\000.\0002\000\040\000M\000e\000m\000b\000e\000r\000\040\000F\000u\000n\000c\000t\000i\000o\000n\000\040\000D\000o\000c\000u\000m\000e\000n\000t\000a\000t\000i\000o\000n}{section.7.9}% 149
\BOOKMARK [3][-]{subsubsection.7.9.2.1}{\376\377\0007\000.\0009\000.\0002\000.\0001\000\040\000g\000e\000t\000B\000a\000l\000l\000X\000\050\000\051}{subsection.7.9.2}% 150
\BOOKMARK [3][-]{subsubsection.7.9.2.2}{\376\377\0007\000.\0009\000.\0002\000.\0002\000\040\000g\000e\000t\000B\000a\000l\000l\000Y\000\050\000\051}{subsection.7.9.2}% 151
\BOOKMARK [3][-]{subsubsection.7.9.2.3}{\376\377\0007\000.\0009\000.\0002\000.\0003\000\040\000g\000e\000t\000B\000o\000t\000t\000o\000m\000X\000\050\000\051}{subsection.7.9.2}% 152
\BOOKMARK [3][-]{subsubsection.7.9.2.4}{\376\377\0007\000.\0009\000.\0002\000.\0004\000\040\000g\000e\000t\000B\000o\000t\000t\000o\000m\000Y\000\050\000\051}{subsection.7.9.2}% 153
\BOOKMARK [3][-]{subsubsection.7.9.2.5}{\376\377\0007\000.\0009\000.\0002\000.\0005\000\040\000p\000a\000i\000n\000t\000C\000o\000m\000p\000o\000n\000e\000n\000t\000\050\000\051}{subsection.7.9.2}% 154
\BOOKMARK [3][-]{subsubsection.7.9.2.6}{\376\377\0007\000.\0009\000.\0002\000.\0006\000\040\000s\000e\000t\000A\000d\000v\000a\000n\000c\000e\000\050\000\051}{subsection.7.9.2}% 155
\BOOKMARK [3][-]{subsubsection.7.9.2.7}{\376\377\0007\000.\0009\000.\0002\000.\0007\000\040\000s\000e\000t\000B\000a\000l\000l\000\050\000\051}{subsection.7.9.2}% 156
\BOOKMARK [3][-]{subsubsection.7.9.2.8}{\376\377\0007\000.\0009\000.\0002\000.\0008\000\040\000s\000e\000t\000B\000a\000l\000l\000S\000i\000z\000e\000\050\000\051}{subsection.7.9.2}% 157
\BOOKMARK [3][-]{subsubsection.7.9.2.9}{\376\377\0007\000.\0009\000.\0002\000.\0009\000\040\000s\000e\000t\000B\000o\000t\000t\000o\000m\000\050\000\051}{subsection.7.9.2}% 158
\BOOKMARK [3][-]{subsubsection.7.9.2.10}{\376\377\0007\000.\0009\000.\0002\000.\0001\0000\000\040\000s\000e\000t\000B\000o\000t\000t\000o\000m\000S\000c\000o\000r\000e\000\050\000\051}{subsection.7.9.2}% 159
\BOOKMARK [3][-]{subsubsection.7.9.2.11}{\376\377\0007\000.\0009\000.\0002\000.\0001\0001\000\040\000s\000e\000t\000I\000n\000s\000e\000t\000\050\000\051}{subsection.7.9.2}% 160
\BOOKMARK [3][-]{subsubsection.7.9.2.12}{\376\377\0007\000.\0009\000.\0002\000.\0001\0002\000\040\000s\000e\000t\000P\000a\000d\000d\000l\000e\000H\000e\000i\000g\000h\000t\000\050\000\051}{subsection.7.9.2}% 161
\BOOKMARK [3][-]{subsubsection.7.9.2.13}{\376\377\0007\000.\0009\000.\0002\000.\0001\0003\000\040\000s\000e\000t\000P\000a\000d\000d\000l\000e\000W\000i\000d\000t\000h\000\050\000\051}{subsection.7.9.2}% 162
\BOOKMARK [3][-]{subsubsection.7.9.2.14}{\376\377\0007\000.\0009\000.\0002\000.\0001\0004\000\040\000s\000e\000t\000T\000o\000p\000\050\000\051}{subsection.7.9.2}% 163
\BOOKMARK [3][-]{subsubsection.7.9.2.15}{\376\377\0007\000.\0009\000.\0002\000.\0001\0005\000\040\000s\000e\000t\000T\000o\000p\000S\000c\000o\000r\000e\000\050\000\051}{subsection.7.9.2}% 164
\BOOKMARK [2][-]{subsection.7.9.3}{\376\377\0007\000.\0009\000.\0003\000\040\000M\000e\000m\000b\000e\000r\000\040\000D\000a\000t\000a\000\040\000D\000o\000c\000u\000m\000e\000n\000t\000a\000t\000i\000o\000n}{section.7.9}% 165
\BOOKMARK [3][-]{subsubsection.7.9.3.1}{\376\377\0007\000.\0009\000.\0003\000.\0001\000\040\000A\000D\000V\000A\000N\000C\000E}{subsection.7.9.3}% 166
\BOOKMARK [3][-]{subsubsection.7.9.3.2}{\376\377\0007\000.\0009\000.\0003\000.\0002\000\040\000b\000a\000l\000l\000S\000i\000z\000e}{subsection.7.9.3}% 167
\BOOKMARK [3][-]{subsubsection.7.9.3.3}{\376\377\0007\000.\0009\000.\0003\000.\0003\000\040\000b\000a\000l\000l\000X}{subsection.7.9.3}% 168
\BOOKMARK [3][-]{subsubsection.7.9.3.4}{\376\377\0007\000.\0009\000.\0003\000.\0004\000\040\000b\000o\000t\000t\000o\000m\000P\000a\000d\000X}{subsection.7.9.3}% 169
\BOOKMARK [3][-]{subsubsection.7.9.3.5}{\376\377\0007\000.\0009\000.\0003\000.\0005\000\040\000f\000i\000r\000s\000t}{subsection.7.9.3}% 170
\BOOKMARK [3][-]{subsubsection.7.9.3.6}{\376\377\0007\000.\0009\000.\0003\000.\0006\000\040\000f\000r\000a\000m\000e\000H\000e\000i\000g\000h\000t}{subsection.7.9.3}% 171
\BOOKMARK [3][-]{subsubsection.7.9.3.7}{\376\377\0007\000.\0009\000.\0003\000.\0007\000\040\000f\000r\000a\000m\000e\000W\000i\000d\000t\000h}{subsection.7.9.3}% 172
\BOOKMARK [3][-]{subsubsection.7.9.3.8}{\376\377\0007\000.\0009\000.\0003\000.\0008\000\040\000g\000a\000m\000e\000M\000o\000d\000e}{subsection.7.9.3}% 173
\BOOKMARK [3][-]{subsubsection.7.9.3.9}{\376\377\0007\000.\0009\000.\0003\000.\0009\000\040\000i\000n\000s\000e\000t}{subsection.7.9.3}% 174
\BOOKMARK [3][-]{subsubsection.7.9.3.10}{\376\377\0007\000.\0009\000.\0003\000.\0001\0000\000\040\000p\000a\000d\000W}{subsection.7.9.3}% 175
\BOOKMARK [3][-]{subsubsection.7.9.3.11}{\376\377\0007\000.\0009\000.\0003\000.\0001\0001\000\040\000s\000c\000o\000r\000e\000T\000o\000p}{subsection.7.9.3}% 176
\BOOKMARK [3][-]{subsubsection.7.9.3.12}{\376\377\0007\000.\0009\000.\0003\000.\0001\0002\000\040\000S\000I\000N\000G\000L\000E}{subsection.7.9.3}% 177
\BOOKMARK [3][-]{subsubsection.7.9.3.13}{\376\377\0007\000.\0009\000.\0003\000.\0001\0003\000\040\000t\000o\000p\000P\000a\000d\000X}{subsection.7.9.3}% 178
\BOOKMARK [1][-]{section.7.10}{\376\377\0007\000.\0001\0000\000\040\000v\000i\000e\000w\000.\000T\000u\000t\000o\000r\000i\000a\000l\000\040\000C\000l\000a\000s\000s\000\040\000R\000e\000f\000e\000r\000e\000n\000c\000e}{chapter.7}% 179
\BOOKMARK [2][-]{subsection.7.10.1}{\376\377\0007\000.\0001\0000\000.\0001\000\040\000C\000o\000n\000s\000t\000r\000u\000c\000t\000o\000r\000\040\000\046\000\040\000D\000e\000s\000t\000r\000u\000c\000t\000o\000r\000\040\000D\000o\000c\000u\000m\000e\000n\000t\000a\000t\000i\000o\000n}{section.7.10}% 180
\BOOKMARK [3][-]{subsubsection.7.10.1.1}{\376\377\0007\000.\0001\0000\000.\0001\000.\0001\000\040\000T\000u\000t\000o\000r\000i\000a\000l\000\050\000\051}{subsection.7.10.1}% 181
\BOOKMARK [2][-]{subsection.7.10.2}{\376\377\0007\000.\0001\0000\000.\0002\000\040\000M\000e\000m\000b\000e\000r\000\040\000F\000u\000n\000c\000t\000i\000o\000n\000\040\000D\000o\000c\000u\000m\000e\000n\000t\000a\000t\000i\000o\000n}{section.7.10}% 182
\BOOKMARK [3][-]{subsubsection.7.10.2.1}{\376\377\0007\000.\0001\0000\000.\0002\000.\0001\000\040\000a\000d\000d\000L\000i\000s\000t\000e\000n\000e\000r\000\050\000\051}{subsection.7.10.2}% 183
\BOOKMARK [3][-]{subsubsection.7.10.2.2}{\376\377\0007\000.\0001\0000\000.\0002\000.\0002\000\040\000g\000e\000t\000B\000a\000c\000k\000\050\000\051}{subsection.7.10.2}% 184
\BOOKMARK [2][-]{subsection.7.10.3}{\376\377\0007\000.\0001\0000\000.\0003\000\040\000M\000e\000m\000b\000e\000r\000\040\000D\000a\000t\000a\000\040\000D\000o\000c\000u\000m\000e\000n\000t\000a\000t\000i\000o\000n}{section.7.10}% 185
\BOOKMARK [3][-]{subsubsection.7.10.3.1}{\376\377\0007\000.\0001\0000\000.\0003\000.\0001\000\040\000b\000a\000c\000k}{subsection.7.10.3}% 186
\BOOKMARK [1][-]{section.7.11}{\376\377\0007\000.\0001\0001\000\040\000v\000i\000e\000w\000.\000W\000e\000l\000c\000o\000m\000e\000\040\000C\000l\000a\000s\000s\000\040\000R\000e\000f\000e\000r\000e\000n\000c\000e}{chapter.7}% 187
\BOOKMARK [2][-]{subsection.7.11.1}{\376\377\0007\000.\0001\0001\000.\0001\000\040\000C\000o\000n\000s\000t\000r\000u\000c\000t\000o\000r\000\040\000\046\000\040\000D\000e\000s\000t\000r\000u\000c\000t\000o\000r\000\040\000D\000o\000c\000u\000m\000e\000n\000t\000a\000t\000i\000o\000n}{section.7.11}% 188
\BOOKMARK [3][-]{subsubsection.7.11.1.1}{\376\377\0007\000.\0001\0001\000.\0001\000.\0001\000\040\000W\000e\000l\000c\000o\000m\000e\000\050\000\051}{subsection.7.11.1}% 189
\BOOKMARK [2][-]{subsection.7.11.2}{\376\377\0007\000.\0001\0001\000.\0002\000\040\000M\000e\000m\000b\000e\000r\000\040\000F\000u\000n\000c\000t\000i\000o\000n\000\040\000D\000o\000c\000u\000m\000e\000n\000t\000a\000t\000i\000o\000n}{section.7.11}% 190
\BOOKMARK [3][-]{subsubsection.7.11.2.1}{\376\377\0007\000.\0001\0001\000.\0002\000.\0001\000\040\000a\000d\000d\000B\000u\000t\000t\000o\000n\000\050\000\051}{subsection.7.11.2}% 191
\BOOKMARK [3][-]{subsubsection.7.11.2.2}{\376\377\0007\000.\0001\0001\000.\0002\000.\0002\000\040\000a\000d\000d\000L\000i\000s\000t\000e\000n\000e\000r\000\050\000\051}{subsection.7.11.2}% 192
\BOOKMARK [3][-]{subsubsection.7.11.2.3}{\376\377\0007\000.\0001\0001\000.\0002\000.\0003\000\040\000e\000x\000i\000t\000\050\000\051}{subsection.7.11.2}% 193
\BOOKMARK [3][-]{subsubsection.7.11.2.4}{\376\377\0007\000.\0001\0001\000.\0002\000.\0004\000\040\000g\000e\000t\000S\000t\000a\000r\000t\000\050\000\051}{subsection.7.11.2}% 194
\BOOKMARK [3][-]{subsubsection.7.11.2.5}{\376\377\0007\000.\0001\0001\000.\0002\000.\0005\000\040\000h\000i\000g\000h\000S\000c\000o\000r\000e\000s\000\050\000\051}{subsection.7.11.2}% 195
\BOOKMARK [3][-]{subsubsection.7.11.2.6}{\376\377\0007\000.\0001\0001\000.\0002\000.\0006\000\040\000l\000o\000a\000d\000\050\000\051}{subsection.7.11.2}% 196
\BOOKMARK [3][-]{subsubsection.7.11.2.7}{\376\377\0007\000.\0001\0001\000.\0002\000.\0007\000\040\000t\000u\000t\000o\000r\000i\000a\000l\000\050\000\051}{subsection.7.11.2}% 197
\BOOKMARK [2][-]{subsection.7.11.3}{\376\377\0007\000.\0001\0001\000.\0003\000\040\000M\000e\000m\000b\000e\000r\000\040\000D\000a\000t\000a\000\040\000D\000o\000c\000u\000m\000e\000n\000t\000a\000t\000i\000o\000n}{section.7.11}% 198
\BOOKMARK [3][-]{subsubsection.7.11.3.1}{\376\377\0007\000.\0001\0001\000.\0003\000.\0001\000\040\000b\000u\000t\000t\000o\000n\000P\000a\000n\000e\000l}{subsection.7.11.3}% 199
\BOOKMARK [3][-]{subsubsection.7.11.3.2}{\376\377\0007\000.\0001\0001\000.\0003\000.\0002\000\040\000e\000x\000i\000t}{subsection.7.11.3}% 200
\BOOKMARK [3][-]{subsubsection.7.11.3.3}{\376\377\0007\000.\0001\0001\000.\0003\000.\0003\000\040\000h\000i\000g\000h\000S\000c\000o\000r\000e\000s}{subsection.7.11.3}% 201
\BOOKMARK [3][-]{subsubsection.7.11.3.4}{\376\377\0007\000.\0001\0001\000.\0003\000.\0004\000\040\000l\000o\000a\000d}{subsection.7.11.3}% 202
\BOOKMARK [3][-]{subsubsection.7.11.3.5}{\376\377\0007\000.\0001\0001\000.\0003\000.\0005\000\040\000s\000t\000a\000r\000t}{subsection.7.11.3}% 203
\BOOKMARK [3][-]{subsubsection.7.11.3.6}{\376\377\0007\000.\0001\0001\000.\0003\000.\0006\000\040\000t\000u\000t\000o\000r\000i\000a\000l}{subsection.7.11.3}% 204
\BOOKMARK [0][-]{chapter.8}{\376\377\0008\000\040\000F\000i\000l\000e\000\040\000D\000o\000c\000u\000m\000e\000n\000t\000a\000t\000i\000o\000n}{}% 205
\BOOKMARK [1][-]{section.8.1}{\376\377\0008\000.\0001\000\040\000s\000r\000c\000/\000m\000o\000d\000e\000l\000/\000B\000a\000l\000l\000.\000j\000a\000v\000a\000\040\000F\000i\000l\000e\000\040\000R\000e\000f\000e\000r\000e\000n\000c\000e}{chapter.8}% 206
\BOOKMARK [2][-]{subsection.8.1.1}{\376\377\0008\000.\0001\000.\0001\000\040\000D\000e\000t\000a\000i\000l\000e\000d\000\040\000D\000e\000s\000c\000r\000i\000p\000t\000i\000o\000n}{section.8.1}% 207
\BOOKMARK [1][-]{section.8.2}{\376\377\0008\000.\0002\000\040\000s\000r\000c\000/\000m\000o\000d\000e\000l\000/\000G\000a\000m\000e\000M\000o\000d\000e\000l\000.\000j\000a\000v\000a\000\040\000F\000i\000l\000e\000\040\000R\000e\000f\000e\000r\000e\000n\000c\000e}{chapter.8}% 208
\BOOKMARK [2][-]{subsection.8.2.1}{\376\377\0008\000.\0002\000.\0001\000\040\000D\000e\000t\000a\000i\000l\000e\000d\000\040\000D\000e\000s\000c\000r\000i\000p\000t\000i\000o\000n}{section.8.2}% 209
\BOOKMARK [1][-]{section.8.3}{\376\377\0008\000.\0003\000\040\000s\000r\000c\000/\000m\000o\000d\000e\000l\000/\000P\000a\000d\000d\000l\000e\000.\000j\000a\000v\000a\000\040\000F\000i\000l\000e\000\040\000R\000e\000f\000e\000r\000e\000n\000c\000e}{chapter.8}% 210
\BOOKMARK [2][-]{subsection.8.3.1}{\376\377\0008\000.\0003\000.\0001\000\040\000D\000e\000t\000a\000i\000l\000e\000d\000\040\000D\000e\000s\000c\000r\000i\000p\000t\000i\000o\000n}{section.8.3}% 211
\BOOKMARK [1][-]{section.8.4}{\376\377\0008\000.\0004\000\040\000s\000r\000c\000/\000m\000o\000d\000e\000l\000/\000P\000l\000a\000y\000e\000r\000.\000j\000a\000v\000a\000\040\000F\000i\000l\000e\000\040\000R\000e\000f\000e\000r\000e\000n\000c\000e}{chapter.8}% 212
\BOOKMARK [2][-]{subsection.8.4.1}{\376\377\0008\000.\0004\000.\0001\000\040\000D\000e\000t\000a\000i\000l\000e\000d\000\040\000D\000e\000s\000c\000r\000i\000p\000t\000i\000o\000n}{section.8.4}% 213
\BOOKMARK [1][-]{section.8.5}{\376\377\0008\000.\0005\000\040\000s\000r\000c\000/\000s\000t\000a\000r\000t\000G\000a\000m\000e\000/\000G\000a\000m\000e\000C\000o\000n\000t\000r\000o\000l\000l\000e\000r\000.\000j\000a\000v\000a\000\040\000F\000i\000l\000e\000\040\000R\000e\000f\000e\000r\000e\000n\000c\000e}{chapter.8}% 214
\BOOKMARK [2][-]{subsection.8.5.1}{\376\377\0008\000.\0005\000.\0001\000\040\000D\000e\000t\000a\000i\000l\000e\000d\000\040\000D\000e\000s\000c\000r\000i\000p\000t\000i\000o\000n}{section.8.5}% 215
\BOOKMARK [1][-]{section.8.6}{\376\377\0008\000.\0006\000\040\000s\000r\000c\000/\000s\000t\000a\000r\000t\000G\000a\000m\000e\000/\000P\000o\000n\000g\000G\000a\000m\000e\000.\000j\000a\000v\000a\000\040\000F\000i\000l\000e\000\040\000R\000e\000f\000e\000r\000e\000n\000c\000e}{chapter.8}% 216
\BOOKMARK [2][-]{subsection.8.6.1}{\376\377\0008\000.\0006\000.\0001\000\040\000D\000e\000t\000a\000i\000l\000e\000d\000\040\000D\000e\000s\000c\000r\000i\000p\000t\000i\000o\000n}{section.8.6}% 217
\BOOKMARK [1][-]{section.8.7}{\376\377\0008\000.\0007\000\040\000s\000r\000c\000/\000v\000i\000e\000w\000/\000G\000a\000m\000e\000V\000i\000e\000w\000.\000j\000a\000v\000a\000\040\000F\000i\000l\000e\000\040\000R\000e\000f\000e\000r\000e\000n\000c\000e}{chapter.8}% 218
\BOOKMARK [2][-]{subsection.8.7.1}{\376\377\0008\000.\0007\000.\0001\000\040\000D\000e\000t\000a\000i\000l\000e\000d\000\040\000D\000e\000s\000c\000r\000i\000p\000t\000i\000o\000n}{section.8.7}% 219
\BOOKMARK [1][-]{section.8.8}{\376\377\0008\000.\0008\000\040\000s\000r\000c\000/\000v\000i\000e\000w\000/\000M\000o\000d\000e\000.\000j\000a\000v\000a\000\040\000F\000i\000l\000e\000\040\000R\000e\000f\000e\000r\000e\000n\000c\000e}{chapter.8}% 220
\BOOKMARK [2][-]{subsection.8.8.1}{\376\377\0008\000.\0008\000.\0001\000\040\000D\000e\000t\000a\000i\000l\000e\000d\000\040\000D\000e\000s\000c\000r\000i\000p\000t\000i\000o\000n}{section.8.8}% 221
\BOOKMARK [1][-]{section.8.9}{\376\377\0008\000.\0009\000\040\000s\000r\000c\000/\000v\000i\000e\000w\000/\000P\000o\000n\000g\000G\000a\000m\000e\000D\000i\000s\000p\000l\000a\000y\000.\000j\000a\000v\000a\000\040\000F\000i\000l\000e\000\040\000R\000e\000f\000e\000r\000e\000n\000c\000e}{chapter.8}% 222
\BOOKMARK [2][-]{subsection.8.9.1}{\376\377\0008\000.\0009\000.\0001\000\040\000D\000e\000t\000a\000i\000l\000e\000d\000\040\000D\000e\000s\000c\000r\000i\000p\000t\000i\000o\000n}{section.8.9}% 223
\BOOKMARK [1][-]{section.8.10}{\376\377\0008\000.\0001\0000\000\040\000s\000r\000c\000/\000v\000i\000e\000w\000/\000T\000u\000t\000o\000r\000i\000a\000l\000.\000j\000a\000v\000a\000\040\000F\000i\000l\000e\000\040\000R\000e\000f\000e\000r\000e\000n\000c\000e}{chapter.8}% 224
\BOOKMARK [2][-]{subsection.8.10.1}{\376\377\0008\000.\0001\0000\000.\0001\000\040\000D\000e\000t\000a\000i\000l\000e\000d\000\040\000D\000e\000s\000c\000r\000i\000p\000t\000i\000o\000n}{section.8.10}% 225
\BOOKMARK [1][-]{section.8.11}{\376\377\0008\000.\0001\0001\000\040\000s\000r\000c\000/\000v\000i\000e\000w\000/\000W\000e\000l\000c\000o\000m\000e\000.\000j\000a\000v\000a\000\040\000F\000i\000l\000e\000\040\000R\000e\000f\000e\000r\000e\000n\000c\000e}{chapter.8}% 226
\BOOKMARK [2][-]{subsection.8.11.1}{\376\377\0008\000.\0001\0001\000.\0001\000\040\000D\000e\000t\000a\000i\000l\000e\000d\000\040\000D\000e\000s\000c\000r\000i\000p\000t\000i\000o\000n}{section.8.11}% 227
\BOOKMARK [0][-]{section*.54}{\376\377\000I\000n\000d\000e\000x}{}% 228
