\BOOKMARK [0][-]{chapter.1}{\376\377\0001\000\040\000T\000h\000e\000\040\000m\000a\000i\000n\000\040\000p\000a\000g\000e\000\040\000f\000o\000r\000\040\000t\000h\000e\000\040\000g\000a\000m\000e\000\040\000F\000a\000u\000l\000t\000I\000n\000O\000u\000r\000P\000o\000n\000g\000.}{}% 1
\BOOKMARK [0][-]{chapter.2}{\376\377\0002\000\040\000N\000a\000m\000e\000s\000p\000a\000c\000e\000\040\000I\000n\000d\000e\000x}{}% 2
\BOOKMARK [1][-]{section.2.1}{\376\377\0002\000.\0001\000\040\000P\000a\000c\000k\000a\000g\000e\000s}{chapter.2}% 3
\BOOKMARK [0][-]{chapter.3}{\376\377\0003\000\040\000H\000i\000e\000r\000a\000r\000c\000h\000i\000c\000a\000l\000\040\000I\000n\000d\000e\000x}{}% 4
\BOOKMARK [1][-]{section.3.1}{\376\377\0003\000.\0001\000\040\000C\000l\000a\000s\000s\000\040\000H\000i\000e\000r\000a\000r\000c\000h\000y}{chapter.3}% 5
\BOOKMARK [0][-]{chapter.4}{\376\377\0004\000\040\000C\000l\000a\000s\000s\000\040\000I\000n\000d\000e\000x}{}% 6
\BOOKMARK [1][-]{section.4.1}{\376\377\0004\000.\0001\000\040\000C\000l\000a\000s\000s\000\040\000L\000i\000s\000t}{chapter.4}% 7
\BOOKMARK [0][-]{chapter.5}{\376\377\0005\000\040\000F\000i\000l\000e\000\040\000I\000n\000d\000e\000x}{}% 8
\BOOKMARK [1][-]{section.5.1}{\376\377\0005\000.\0001\000\040\000F\000i\000l\000e\000\040\000L\000i\000s\000t}{chapter.5}% 9
\BOOKMARK [0][-]{chapter.6}{\376\377\0006\000\040\000N\000a\000m\000e\000s\000p\000a\000c\000e\000\040\000D\000o\000c\000u\000m\000e\000n\000t\000a\000t\000i\000o\000n}{}% 10
\BOOKMARK [1][-]{section.6.1}{\376\377\0006\000.\0001\000\040\000P\000a\000c\000k\000a\000g\000e\000\040\000m\000o\000d\000e\000l}{chapter.6}% 11
\BOOKMARK [1][-]{section.6.2}{\376\377\0006\000.\0002\000\040\000P\000a\000c\000k\000a\000g\000e\000\040\000s\000t\000a\000r\000t\000G\000a\000m\000e}{chapter.6}% 12
\BOOKMARK [1][-]{section.6.3}{\376\377\0006\000.\0003\000\040\000P\000a\000c\000k\000a\000g\000e\000\040\000v\000i\000e\000w}{chapter.6}% 13
\BOOKMARK [0][-]{chapter.7}{\376\377\0007\000\040\000C\000l\000a\000s\000s\000\040\000D\000o\000c\000u\000m\000e\000n\000t\000a\000t\000i\000o\000n}{}% 14
\BOOKMARK [1][-]{section.7.1}{\376\377\0007\000.\0001\000\040\000m\000o\000d\000e\000l\000.\000B\000a\000l\000l\000\040\000C\000l\000a\000s\000s\000\040\000R\000e\000f\000e\000r\000e\000n\000c\000e}{chapter.7}% 15
\BOOKMARK [2][-]{subsection.7.1.1}{\376\377\0007\000.\0001\000.\0001\000\040\000C\000o\000n\000s\000t\000r\000u\000c\000t\000o\000r\000\040\000\046\000\040\000D\000e\000s\000t\000r\000u\000c\000t\000o\000r\000\040\000D\000o\000c\000u\000m\000e\000n\000t\000a\000t\000i\000o\000n}{section.7.1}% 16
\BOOKMARK [3][-]{subsubsection.7.1.1.1}{\376\377\0007\000.\0001\000.\0001\000.\0001\000\040\000B\000a\000l\000l\000\050\000\051}{subsection.7.1.1}% 17
\BOOKMARK [2][-]{subsection.7.1.2}{\376\377\0007\000.\0001\000.\0002\000\040\000M\000e\000m\000b\000e\000r\000\040\000F\000u\000n\000c\000t\000i\000o\000n\000\040\000D\000o\000c\000u\000m\000e\000n\000t\000a\000t\000i\000o\000n}{section.7.1}% 18
\BOOKMARK [3][-]{subsubsection.7.1.2.1}{\376\377\0007\000.\0001\000.\0002\000.\0001\000\040\000g\000e\000t\000P\000o\000s\000i\000t\000i\000o\000n\000X\000\050\000\051}{subsection.7.1.2}% 19
\BOOKMARK [3][-]{subsubsection.7.1.2.2}{\376\377\0007\000.\0001\000.\0002\000.\0002\000\040\000g\000e\000t\000P\000o\000s\000i\000t\000i\000o\000n\000Y\000\050\000\051}{subsection.7.1.2}% 20
\BOOKMARK [3][-]{subsubsection.7.1.2.3}{\376\377\0007\000.\0001\000.\0002\000.\0003\000\040\000g\000e\000t\000S\000i\000z\000e\000\050\000\051}{subsection.7.1.2}% 21
\BOOKMARK [3][-]{subsubsection.7.1.2.4}{\376\377\0007\000.\0001\000.\0002\000.\0004\000\040\000s\000e\000t\000P\000o\000s\000i\000t\000i\000o\000n\000X\000\050\000\051}{subsection.7.1.2}% 22
\BOOKMARK [3][-]{subsubsection.7.1.2.5}{\376\377\0007\000.\0001\000.\0002\000.\0005\000\040\000s\000e\000t\000P\000o\000s\000i\000t\000i\000o\000n\000Y\000\050\000\051}{subsection.7.1.2}% 23
\BOOKMARK [2][-]{subsection.7.1.3}{\376\377\0007\000.\0001\000.\0003\000\040\000M\000e\000m\000b\000e\000r\000\040\000D\000a\000t\000a\000\040\000D\000o\000c\000u\000m\000e\000n\000t\000a\000t\000i\000o\000n}{section.7.1}% 24
\BOOKMARK [3][-]{subsubsection.7.1.3.1}{\376\377\0007\000.\0001\000.\0003\000.\0001\000\040\000p\000o\000s\000i\000t\000i\000o\000n\000X}{subsection.7.1.3}% 25
\BOOKMARK [3][-]{subsubsection.7.1.3.2}{\376\377\0007\000.\0001\000.\0003\000.\0002\000\040\000p\000o\000s\000i\000t\000i\000o\000n\000Y}{subsection.7.1.3}% 26
\BOOKMARK [3][-]{subsubsection.7.1.3.3}{\376\377\0007\000.\0001\000.\0003\000.\0003\000\040\000S\000I\000Z\000E}{subsection.7.1.3}% 27
\BOOKMARK [3][-]{subsubsection.7.1.3.4}{\376\377\0007\000.\0001\000.\0003\000.\0004\000\040\000s\000p\000e\000e\000d}{subsection.7.1.3}% 28
\BOOKMARK [1][-]{section.7.2}{\376\377\0007\000.\0002\000\040\000s\000t\000a\000r\000t\000G\000a\000m\000e\000.\000G\000a\000m\000e\000C\000o\000n\000t\000r\000o\000l\000l\000e\000r\000\040\000C\000l\000a\000s\000s\000\040\000R\000e\000f\000e\000r\000e\000n\000c\000e}{chapter.7}% 29
\BOOKMARK [2][-]{subsection.7.2.1}{\376\377\0007\000.\0002\000.\0001\000\040\000C\000o\000n\000s\000t\000r\000u\000c\000t\000o\000r\000\040\000\046\000\040\000D\000e\000s\000t\000r\000u\000c\000t\000o\000r\000\040\000D\000o\000c\000u\000m\000e\000n\000t\000a\000t\000i\000o\000n}{section.7.2}% 30
\BOOKMARK [3][-]{subsubsection.7.2.1.1}{\376\377\0007\000.\0002\000.\0001\000.\0001\000\040\000G\000a\000m\000e\000C\000o\000n\000t\000r\000o\000l\000l\000e\000r\000\050\000\051}{subsection.7.2.1}% 31
\BOOKMARK [2][-]{subsection.7.2.2}{\376\377\0007\000.\0002\000.\0002\000\040\000M\000e\000m\000b\000e\000r\000\040\000F\000u\000n\000c\000t\000i\000o\000n\000\040\000D\000o\000c\000u\000m\000e\000n\000t\000a\000t\000i\000o\000n}{section.7.2}% 32
\BOOKMARK [3][-]{subsubsection.7.2.2.1}{\376\377\0007\000.\0002\000.\0002\000.\0001\000\040\000c\000h\000e\000c\000k\000G\000a\000m\000e\000O\000v\000e\000r\000\050\000\051}{subsection.7.2.2}% 33
\BOOKMARK [3][-]{subsubsection.7.2.2.2}{\376\377\0007\000.\0002\000.\0002\000.\0002\000\040\000d\000i\000s\000p\000l\000a\000y\000\050\000\051}{subsection.7.2.2}% 34
\BOOKMARK [3][-]{subsubsection.7.2.2.3}{\376\377\0007\000.\0002\000.\0002\000.\0003\000\040\000g\000e\000t\000b\000o\000m\000b\000V\000e\000l\000X\000\050\000\051}{subsection.7.2.2}% 35
\BOOKMARK [3][-]{subsubsection.7.2.2.4}{\376\377\0007\000.\0002\000.\0002\000.\0004\000\040\000g\000e\000t\000b\000o\000m\000b\000V\000e\000l\000Y\000\050\000\051}{subsection.7.2.2}% 36
\BOOKMARK [3][-]{subsubsection.7.2.2.5}{\376\377\0007\000.\0002\000.\0002\000.\0005\000\040\000g\000e\000t\000E\000l\000a\000p\000s\000e\000d\000T\000i\000m\000e\000\050\000\051}{subsection.7.2.2}% 37
\BOOKMARK [3][-]{subsubsection.7.2.2.6}{\376\377\0007\000.\0002\000.\0002\000.\0006\000\040\000g\000e\000t\000V\000e\000l\000X\000\050\000\051}{subsection.7.2.2}% 38
\BOOKMARK [3][-]{subsubsection.7.2.2.7}{\376\377\0007\000.\0002\000.\0002\000.\0007\000\040\000g\000e\000t\000V\000e\000l\000Y\000\050\000\051}{subsection.7.2.2}% 39
\BOOKMARK [3][-]{subsubsection.7.2.2.8}{\376\377\0007\000.\0002\000.\0002\000.\0008\000\040\000r\000e\000s\000e\000t\000G\000a\000m\000e\000\050\000\051}{subsection.7.2.2}% 40
\BOOKMARK [3][-]{subsubsection.7.2.2.9}{\376\377\0007\000.\0002\000.\0002\000.\0009\000\040\000s\000e\000t\000S\000p\000e\000e\000d\000\050\000\051}{subsection.7.2.2}% 41
\BOOKMARK [2][-]{subsection.7.2.3}{\376\377\0007\000.\0002\000.\0003\000\040\000M\000e\000m\000b\000e\000r\000\040\000D\000a\000t\000a\000\040\000D\000o\000c\000u\000m\000e\000n\000t\000a\000t\000i\000o\000n}{section.7.2}% 42
\BOOKMARK [3][-]{subsubsection.7.2.3.1}{\376\377\0007\000.\0002\000.\0003\000.\0001\000\040\000A\000D\000V\000A\000N\000C\000E}{subsection.7.2.3}% 43
\BOOKMARK [3][-]{subsubsection.7.2.3.2}{\376\377\0007\000.\0002\000.\0003\000.\0002\000\040\000a\000i}{subsection.7.2.3}% 44
\BOOKMARK [3][-]{subsubsection.7.2.3.3}{\376\377\0007\000.\0002\000.\0003\000.\0003\000\040\000b}{subsection.7.2.3}% 45
\BOOKMARK [3][-]{subsubsection.7.2.3.4}{\376\377\0007\000.\0002\000.\0003\000.\0004\000\040\000b\000a\000l\000l\000X}{subsection.7.2.3}% 46
\BOOKMARK [3][-]{subsubsection.7.2.3.5}{\376\377\0007\000.\0002\000.\0003\000.\0005\000\040\000b\000o\000m\000b}{subsection.7.2.3}% 47
\BOOKMARK [3][-]{subsubsection.7.2.3.6}{\376\377\0007\000.\0002\000.\0003\000.\0006\000\040\000b\000o\000m\000b\000V\000e\000l\000X}{subsection.7.2.3}% 48
\BOOKMARK [3][-]{subsubsection.7.2.3.7}{\376\377\0007\000.\0002\000.\0003\000.\0007\000\040\000b\000o\000m\000b\000X}{subsection.7.2.3}% 49
\BOOKMARK [3][-]{subsubsection.7.2.3.8}{\376\377\0007\000.\0002\000.\0003\000.\0008\000\040\000b\000o\000t\000t\000o\000m\000P\000a\000d\000X}{subsection.7.2.3}% 50
\BOOKMARK [3][-]{subsubsection.7.2.3.9}{\376\377\0007\000.\0002\000.\0003\000.\0009\000\040\000d\000i\000s\000p\000l\000a\000y\000S\000c\000o\000r\000e}{subsection.7.2.3}% 51
\BOOKMARK [3][-]{subsubsection.7.2.3.10}{\376\377\0007\000.\0002\000.\0003\000.\0001\0000\000\040\000e\000n\000d\000T\000i\000m\000e}{subsection.7.2.3}% 52
\BOOKMARK [3][-]{subsubsection.7.2.3.11}{\376\377\0007\000.\0002\000.\0003\000.\0001\0001\000\040\000e\000x\000i\000t}{subsection.7.2.3}% 53
\BOOKMARK [3][-]{subsubsection.7.2.3.12}{\376\377\0007\000.\0002\000.\0003\000.\0001\0002\000\040\000f\000r\000a\000m\000e\000W\000i\000d\000t\000h}{subsection.7.2.3}% 54
\BOOKMARK [3][-]{subsubsection.7.2.3.13}{\376\377\0007\000.\0002\000.\0003\000.\0001\0003\000\040\000g\000a\000m\000e\000D\000i\000s\000p\000l\000a\000y}{subsection.7.2.3}% 55
\BOOKMARK [3][-]{subsubsection.7.2.3.14}{\376\377\0007\000.\0002\000.\0003\000.\0001\0004\000\040\000g\000a\000m\000e\000F\000r\000a\000m\000e}{subsection.7.2.3}% 56
\BOOKMARK [3][-]{subsubsection.7.2.3.15}{\376\377\0007\000.\0002\000.\0003\000.\0001\0005\000\040\000g\000a\000m\000e\000M\000o\000d\000e}{subsection.7.2.3}% 57
\BOOKMARK [3][-]{subsubsection.7.2.3.16}{\376\377\0007\000.\0002\000.\0003\000.\0001\0006\000\040\000i\000n\000s\000e\000t}{subsection.7.2.3}% 58
\BOOKMARK [3][-]{subsubsection.7.2.3.17}{\376\377\0007\000.\0002\000.\0003\000.\0001\0007\000\040\000k\000e\000y\000s}{subsection.7.2.3}% 59
\BOOKMARK [3][-]{subsubsection.7.2.3.18}{\376\377\0007\000.\0002\000.\0003\000.\0001\0008\000\040\000m}{subsection.7.2.3}% 60
\BOOKMARK [3][-]{subsubsection.7.2.3.19}{\376\377\0007\000.\0002\000.\0003\000.\0001\0009\000\040\000m\000o\000d\000e}{subsection.7.2.3}% 61
\BOOKMARK [3][-]{subsubsection.7.2.3.20}{\376\377\0007\000.\0002\000.\0003\000.\0002\0000\000\040\000p\000a\000d\000d\000l\000e\000\137\000p\000l\000a\000y\000e\000r}{subsection.7.2.3}% 62
\BOOKMARK [3][-]{subsubsection.7.2.3.21}{\376\377\0007\000.\0002\000.\0003\000.\0002\0001\000\040\000p\000a\000d\000W\000i\000d\000t\000h}{subsection.7.2.3}% 63
\BOOKMARK [3][-]{subsubsection.7.2.3.22}{\376\377\0007\000.\0002\000.\0003\000.\0002\0002\000\040\000p\000a\000u\000s\000e}{subsection.7.2.3}% 64
\BOOKMARK [3][-]{subsubsection.7.2.3.23}{\376\377\0007\000.\0002\000.\0003\000.\0002\0003\000\040\000p\000l\000a\000y\000e\000r}{subsection.7.2.3}% 65
\BOOKMARK [3][-]{subsubsection.7.2.3.24}{\376\377\0007\000.\0002\000.\0003\000.\0002\0004\000\040\000r\000e\000s\000u\000m\000e}{subsection.7.2.3}% 66
\BOOKMARK [3][-]{subsubsection.7.2.3.25}{\376\377\0007\000.\0002\000.\0003\000.\0002\0005\000\040\000s\000a\000v\000e}{subsection.7.2.3}% 67
\BOOKMARK [3][-]{subsubsection.7.2.3.26}{\376\377\0007\000.\0002\000.\0003\000.\0002\0006\000\040\000s\000c\000o\000r\000e\000T\000o\000p}{subsection.7.2.3}% 68
\BOOKMARK [3][-]{subsubsection.7.2.3.27}{\376\377\0007\000.\0002\000.\0003\000.\0002\0007\000\040\000S\000I\000N\000G\000L\000E}{subsection.7.2.3}% 69
\BOOKMARK [3][-]{subsubsection.7.2.3.28}{\376\377\0007\000.\0002\000.\0003\000.\0002\0008\000\040\000s\000t\000a\000r\000t\000T\000i\000m\000e}{subsection.7.2.3}% 70
\BOOKMARK [3][-]{subsubsection.7.2.3.29}{\376\377\0007\000.\0002\000.\0003\000.\0002\0009\000\040\000t}{subsection.7.2.3}% 71
\BOOKMARK [3][-]{subsubsection.7.2.3.30}{\376\377\0007\000.\0002\000.\0003\000.\0003\0000\000\040\000t\000i\000m\000e\000E\000l\000a\000p\000s\000e\000d}{subsection.7.2.3}% 72
\BOOKMARK [3][-]{subsubsection.7.2.3.31}{\376\377\0007\000.\0002\000.\0003\000.\0003\0001\000\040\000t\000u\000t}{subsection.7.2.3}% 73
\BOOKMARK [3][-]{subsubsection.7.2.3.32}{\376\377\0007\000.\0002\000.\0003\000.\0003\0002\000\040\000v}{subsection.7.2.3}% 74
\BOOKMARK [3][-]{subsubsection.7.2.3.33}{\376\377\0007\000.\0002\000.\0003\000.\0003\0003\000\040\000v\000e\000l\000X}{subsection.7.2.3}% 75
\BOOKMARK [3][-]{subsubsection.7.2.3.34}{\376\377\0007\000.\0002\000.\0003\000.\0003\0004\000\040\000w}{subsection.7.2.3}% 76
\BOOKMARK [1][-]{section.7.3}{\376\377\0007\000.\0003\000\040\000m\000o\000d\000e\000l\000.\000G\000a\000m\000e\000M\000o\000d\000e\000l\000\040\000C\000l\000a\000s\000s\000\040\000R\000e\000f\000e\000r\000e\000n\000c\000e}{chapter.7}% 77
\BOOKMARK [2][-]{subsection.7.3.1}{\376\377\0007\000.\0003\000.\0001\000\040\000C\000o\000n\000s\000t\000r\000u\000c\000t\000o\000r\000\040\000\046\000\040\000D\000e\000s\000t\000r\000u\000c\000t\000o\000r\000\040\000D\000o\000c\000u\000m\000e\000n\000t\000a\000t\000i\000o\000n}{section.7.3}% 78
\BOOKMARK [3][-]{subsubsection.7.3.1.1}{\376\377\0007\000.\0003\000.\0001\000.\0001\000\040\000G\000a\000m\000e\000M\000o\000d\000e\000l\000\050\000\051}{subsection.7.3.1}% 79
\BOOKMARK [2][-]{subsection.7.3.2}{\376\377\0007\000.\0003\000.\0002\000\040\000M\000e\000m\000b\000e\000r\000\040\000F\000u\000n\000c\000t\000i\000o\000n\000\040\000D\000o\000c\000u\000m\000e\000n\000t\000a\000t\000i\000o\000n}{section.7.3}% 80
\BOOKMARK [3][-]{subsubsection.7.3.2.1}{\376\377\0007\000.\0003\000.\0002\000.\0001\000\040\000g\000e\000t\000B\000a\000l\000l\000\050\000\051}{subsection.7.3.2}% 81
\BOOKMARK [3][-]{subsubsection.7.3.2.2}{\376\377\0007\000.\0003\000.\0002\000.\0002\000\040\000g\000e\000t\000B\000o\000m\000b\000\050\000\051}{subsection.7.3.2}% 82
\BOOKMARK [3][-]{subsubsection.7.3.2.3}{\376\377\0007\000.\0003\000.\0002\000.\0003\000\040\000g\000e\000t\000C\000o\000m\000p\000u\000t\000e\000r\000\050\000\051}{subsection.7.3.2}% 83
\BOOKMARK [3][-]{subsubsection.7.3.2.4}{\376\377\0007\000.\0003\000.\0002\000.\0004\000\040\000g\000e\000t\000C\000o\000m\000p\000u\000t\000e\000r\000P\000a\000d\000d\000l\000e\000\050\000\051}{subsection.7.3.2}% 84
\BOOKMARK [3][-]{subsubsection.7.3.2.5}{\376\377\0007\000.\0003\000.\0002\000.\0005\000\040\000g\000e\000t\000P\000l\000a\000y\000e\000r\000\050\000\051}{subsection.7.3.2}% 85
\BOOKMARK [3][-]{subsubsection.7.3.2.6}{\376\377\0007\000.\0003\000.\0002\000.\0006\000\040\000g\000e\000t\000P\000l\000a\000y\000e\000r\000P\000a\000d\000d\000l\000e\000\050\000\051}{subsection.7.3.2}% 86
\BOOKMARK [3][-]{subsubsection.7.3.2.7}{\376\377\0007\000.\0003\000.\0002\000.\0007\000\040\000s\000e\000t\000B\000a\000l\000l\000\050\000\051}{subsection.7.3.2}% 87
\BOOKMARK [3][-]{subsubsection.7.3.2.8}{\376\377\0007\000.\0003\000.\0002\000.\0008\000\040\000s\000e\000t\000B\000o\000m\000b\000\050\000\051}{subsection.7.3.2}% 88
\BOOKMARK [2][-]{subsection.7.3.3}{\376\377\0007\000.\0003\000.\0003\000\040\000M\000e\000m\000b\000e\000r\000\040\000D\000a\000t\000a\000\040\000D\000o\000c\000u\000m\000e\000n\000t\000a\000t\000i\000o\000n}{section.7.3}% 89
\BOOKMARK [3][-]{subsubsection.7.3.3.1}{\376\377\0007\000.\0003\000.\0003\000.\0001\000\040\000b}{subsection.7.3.3}% 90
\BOOKMARK [3][-]{subsubsection.7.3.3.2}{\376\377\0007\000.\0003\000.\0003\000.\0002\000\040\000p\000\137\000p\000l\000a\000y\000e\000r}{subsection.7.3.3}% 91
\BOOKMARK [3][-]{subsubsection.7.3.3.3}{\376\377\0007\000.\0003\000.\0003\000.\0003\000\040\000p\000l\000a\000y\000e\000r}{subsection.7.3.3}% 92
\BOOKMARK [1][-]{section.7.4}{\376\377\0007\000.\0004\000\040\000v\000i\000e\000w\000.\000G\000a\000m\000e\000V\000i\000e\000w\000\040\000C\000l\000a\000s\000s\000\040\000R\000e\000f\000e\000r\000e\000n\000c\000e}{chapter.7}% 93
\BOOKMARK [2][-]{subsection.7.4.1}{\376\377\0007\000.\0004\000.\0001\000\040\000C\000o\000n\000s\000t\000r\000u\000c\000t\000o\000r\000\040\000\046\000\040\000D\000e\000s\000t\000r\000u\000c\000t\000o\000r\000\040\000D\000o\000c\000u\000m\000e\000n\000t\000a\000t\000i\000o\000n}{section.7.4}% 94
\BOOKMARK [3][-]{subsubsection.7.4.1.1}{\376\377\0007\000.\0004\000.\0001\000.\0001\000\040\000G\000a\000m\000e\000V\000i\000e\000w\000\050\000\051}{subsection.7.4.1}% 95
\BOOKMARK [2][-]{subsection.7.4.2}{\376\377\0007\000.\0004\000.\0002\000\040\000M\000e\000m\000b\000e\000r\000\040\000F\000u\000n\000c\000t\000i\000o\000n\000\040\000D\000o\000c\000u\000m\000e\000n\000t\000a\000t\000i\000o\000n}{section.7.4}% 96
\BOOKMARK [3][-]{subsubsection.7.4.2.1}{\376\377\0007\000.\0004\000.\0002\000.\0001\000\040\000a\000d\000d\000B\000u\000t\000t\000o\000n\000\050\000\051}{subsection.7.4.2}% 97
\BOOKMARK [3][-]{subsubsection.7.4.2.2}{\376\377\0007\000.\0004\000.\0002\000.\0002\000\040\000c\000a\000n\000n\000o\000t\000L\000o\000a\000d\000M\000e\000s\000s\000a\000g\000e\000\050\000\051}{subsection.7.4.2}% 98
\BOOKMARK [3][-]{subsubsection.7.4.2.3}{\376\377\0007\000.\0004\000.\0002\000.\0003\000\040\000c\000r\000e\000a\000t\000e\000G\000a\000m\000e\000\050\000\051}{subsection.7.4.2}% 99
\BOOKMARK [3][-]{subsubsection.7.4.2.4}{\376\377\0007\000.\0004\000.\0002\000.\0004\000\040\000d\000i\000s\000p\000l\000a\000y\000\050\000\051}{subsection.7.4.2}% 100
\BOOKMARK [3][-]{subsubsection.7.4.2.5}{\376\377\0007\000.\0004\000.\0002\000.\0005\000\040\000g\000a\000m\000e\000O\000v\000e\000r\000\050\000\051}{subsection.7.4.2}% 101
\BOOKMARK [3][-]{subsubsection.7.4.2.6}{\376\377\0007\000.\0004\000.\0002\000.\0006\000\040\000g\000e\000t\000E\000x\000i\000t\000\050\000\051}{subsection.7.4.2}% 102
\BOOKMARK [3][-]{subsubsection.7.4.2.7}{\376\377\0007\000.\0004\000.\0002\000.\0007\000\040\000g\000e\000t\000F\000r\000a\000m\000e\000H\000e\000i\000g\000h\000t\000\050\000\051}{subsection.7.4.2}% 103
\BOOKMARK [3][-]{subsubsection.7.4.2.8}{\376\377\0007\000.\0004\000.\0002\000.\0008\000\040\000g\000e\000t\000F\000r\000a\000m\000e\000W\000i\000d\000t\000h\000\050\000\051}{subsection.7.4.2}% 104
\BOOKMARK [3][-]{subsubsection.7.4.2.9}{\376\377\0007\000.\0004\000.\0002\000.\0009\000\040\000g\000e\000t\000G\000a\000m\000e\000\050\000\051}{subsection.7.4.2}% 105
\BOOKMARK [3][-]{subsubsection.7.4.2.10}{\376\377\0007\000.\0004\000.\0002\000.\0001\0000\000\040\000g\000e\000t\000G\000a\000m\000e\000F\000r\000a\000m\000e\000\050\000\051}{subsection.7.4.2}% 106
\BOOKMARK [3][-]{subsubsection.7.4.2.11}{\376\377\0007\000.\0004\000.\0002\000.\0001\0001\000\040\000g\000e\000t\000G\000a\000m\000e\000O\000p\000t\000i\000o\000n\000P\000a\000n\000e\000l\000\050\000\051}{subsection.7.4.2}% 107
\BOOKMARK [3][-]{subsubsection.7.4.2.12}{\376\377\0007\000.\0004\000.\0002\000.\0001\0002\000\040\000g\000e\000t\000m\000o\000d\000e\000\050\000\051}{subsection.7.4.2}% 108
\BOOKMARK [3][-]{subsubsection.7.4.2.13}{\376\377\0007\000.\0004\000.\0002\000.\0001\0003\000\040\000g\000e\000t\000P\000a\000u\000s\000e\000\050\000\051}{subsection.7.4.2}% 109
\BOOKMARK [3][-]{subsubsection.7.4.2.14}{\376\377\0007\000.\0004\000.\0002\000.\0001\0004\000\040\000g\000e\000t\000R\000e\000s\000u\000m\000e\000\050\000\051}{subsection.7.4.2}% 110
\BOOKMARK [3][-]{subsubsection.7.4.2.15}{\376\377\0007\000.\0004\000.\0002\000.\0001\0005\000\040\000g\000e\000t\000S\000a\000v\000e\000\050\000\051}{subsection.7.4.2}% 111
\BOOKMARK [3][-]{subsubsection.7.4.2.16}{\376\377\0007\000.\0004\000.\0002\000.\0001\0006\000\040\000g\000e\000t\000T\000u\000t\000o\000r\000i\000a\000l\000\050\000\051}{subsection.7.4.2}% 112
\BOOKMARK [3][-]{subsubsection.7.4.2.17}{\376\377\0007\000.\0004\000.\0002\000.\0001\0007\000\040\000g\000e\000t\000W\000e\000l\000c\000o\000m\000e\000\050\000\051}{subsection.7.4.2}% 113
\BOOKMARK [3][-]{subsubsection.7.4.2.18}{\376\377\0007\000.\0004\000.\0002\000.\0001\0008\000\040\000n\000o\000F\000i\000l\000e\000A\000v\000a\000i\000l\000M\000e\000s\000s\000a\000g\000e\000\050\000\051}{subsection.7.4.2}% 114
\BOOKMARK [3][-]{subsubsection.7.4.2.19}{\376\377\0007\000.\0004\000.\0002\000.\0001\0009\000\040\000t\000u\000t\000o\000r\000i\000a\000l\000P\000a\000g\000e\000\050\000\051}{subsection.7.4.2}% 115
\BOOKMARK [2][-]{subsection.7.4.3}{\376\377\0007\000.\0004\000.\0003\000\040\000M\000e\000m\000b\000e\000r\000\040\000D\000a\000t\000a\000\040\000D\000o\000c\000u\000m\000e\000n\000t\000a\000t\000i\000o\000n}{section.7.4}% 116
\BOOKMARK [3][-]{subsubsection.7.4.3.1}{\376\377\0007\000.\0004\000.\0003\000.\0001\000\040\000e\000x\000i\000t}{subsection.7.4.3}% 117
\BOOKMARK [3][-]{subsubsection.7.4.3.2}{\376\377\0007\000.\0004\000.\0003\000.\0002\000\040\000F\000R\000A\000M\000E\000H\000E\000I\000G\000H\000T}{subsection.7.4.3}% 118
\BOOKMARK [3][-]{subsubsection.7.4.3.3}{\376\377\0007\000.\0004\000.\0003\000.\0003\000\040\000F\000R\000A\000M\000E\000W\000I\000D\000T\000H}{subsection.7.4.3}% 119
\BOOKMARK [3][-]{subsubsection.7.4.3.4}{\376\377\0007\000.\0004\000.\0003\000.\0004\000\040\000g\000a\000m\000e\000F\000r\000a\000m\000e}{subsection.7.4.3}% 120
\BOOKMARK [3][-]{subsubsection.7.4.3.5}{\376\377\0007\000.\0004\000.\0003\000.\0005\000\040\000g\000a\000m\000e\000O\000p\000t\000i\000o\000n\000s}{subsection.7.4.3}% 121
\BOOKMARK [3][-]{subsubsection.7.4.3.6}{\376\377\0007\000.\0004\000.\0003\000.\0006\000\040\000m\000o\000d\000e}{subsection.7.4.3}% 122
\BOOKMARK [3][-]{subsubsection.7.4.3.7}{\376\377\0007\000.\0004\000.\0003\000.\0007\000\040\000p\000a\000u\000s\000e}{subsection.7.4.3}% 123
\BOOKMARK [3][-]{subsubsection.7.4.3.8}{\376\377\0007\000.\0004\000.\0003\000.\0008\000\040\000p\000o\000n\000g\000g\000a\000m\000e}{subsection.7.4.3}% 124
\BOOKMARK [3][-]{subsubsection.7.4.3.9}{\376\377\0007\000.\0004\000.\0003\000.\0009\000\040\000r\000e\000s\000u\000m\000e}{subsection.7.4.3}% 125
\BOOKMARK [3][-]{subsubsection.7.4.3.10}{\376\377\0007\000.\0004\000.\0003\000.\0001\0000\000\040\000s\000a\000v\000e}{subsection.7.4.3}% 126
\BOOKMARK [3][-]{subsubsection.7.4.3.11}{\376\377\0007\000.\0004\000.\0003\000.\0001\0001\000\040\000t\000u\000t\000o\000r\000i\000a\000l}{subsection.7.4.3}% 127
\BOOKMARK [3][-]{subsubsection.7.4.3.12}{\376\377\0007\000.\0004\000.\0003\000.\0001\0002\000\040\000w\000e\000l\000c\000o\000m\000e}{subsection.7.4.3}% 128
\BOOKMARK [1][-]{section.7.5}{\376\377\0007\000.\0005\000\040\000v\000i\000e\000w\000.\000H\000i\000g\000h\000S\000c\000o\000r\000e\000\040\000C\000l\000a\000s\000s\000\040\000R\000e\000f\000e\000r\000e\000n\000c\000e}{chapter.7}% 129
\BOOKMARK [2][-]{subsection.7.5.1}{\376\377\0007\000.\0005\000.\0001\000\040\000C\000o\000n\000s\000t\000r\000u\000c\000t\000o\000r\000\040\000\046\000\040\000D\000e\000s\000t\000r\000u\000c\000t\000o\000r\000\040\000D\000o\000c\000u\000m\000e\000n\000t\000a\000t\000i\000o\000n}{section.7.5}% 130
\BOOKMARK [3][-]{subsubsection.7.5.1.1}{\376\377\0007\000.\0005\000.\0001\000.\0001\000\040\000H\000i\000g\000h\000S\000c\000o\000r\000e\000\050\000\051}{subsection.7.5.1}% 131
\BOOKMARK [2][-]{subsection.7.5.2}{\376\377\0007\000.\0005\000.\0002\000\040\000M\000e\000m\000b\000e\000r\000\040\000F\000u\000n\000c\000t\000i\000o\000n\000\040\000D\000o\000c\000u\000m\000e\000n\000t\000a\000t\000i\000o\000n}{section.7.5}% 132
\BOOKMARK [3][-]{subsubsection.7.5.2.1}{\376\377\0007\000.\0005\000.\0002\000.\0001\000\040\000c\000h\000e\000c\000k\000H\000i\000g\000h\000S\000c\000o\000r\000e\000\050\000\051}{subsection.7.5.2}% 133
\BOOKMARK [3][-]{subsubsection.7.5.2.2}{\376\377\0007\000.\0005\000.\0002\000.\0002\000\040\000f\000i\000n\000d\000R\000a\000n\000k\000\050\000\051}{subsection.7.5.2}% 134
\BOOKMARK [3][-]{subsubsection.7.5.2.3}{\376\377\0007\000.\0005\000.\0002\000.\0003\000\040\000h\000i\000g\000h\000S\000c\000o\000r\000e\000P\000a\000g\000e\000\050\000\051}{subsection.7.5.2}% 135
\BOOKMARK [3][-]{subsubsection.7.5.2.4}{\376\377\0007\000.\0005\000.\0002\000.\0004\000\040\000i\000s\000H\000i\000g\000h\000\050\000\051}{subsection.7.5.2}% 136
\BOOKMARK [3][-]{subsubsection.7.5.2.5}{\376\377\0007\000.\0005\000.\0002\000.\0005\000\040\000r\000e\000a\000d\000F\000r\000o\000m\000\050\000\051}{subsection.7.5.2}% 137
\BOOKMARK [3][-]{subsubsection.7.5.2.6}{\376\377\0007\000.\0005\000.\0002\000.\0006\000\040\000w\000r\000i\000t\000e\000T\000o\000\050\000\051}{subsection.7.5.2}% 138
\BOOKMARK [1][-]{section.7.6}{\376\377\0007\000.\0006\000\040\000v\000i\000e\000w\000.\000M\000o\000d\000e\000\040\000C\000l\000a\000s\000s\000\040\000R\000e\000f\000e\000r\000e\000n\000c\000e}{chapter.7}% 139
\BOOKMARK [2][-]{subsection.7.6.1}{\376\377\0007\000.\0006\000.\0001\000\040\000C\000o\000n\000s\000t\000r\000u\000c\000t\000o\000r\000\040\000\046\000\040\000D\000e\000s\000t\000r\000u\000c\000t\000o\000r\000\040\000D\000o\000c\000u\000m\000e\000n\000t\000a\000t\000i\000o\000n}{section.7.6}% 140
\BOOKMARK [3][-]{subsubsection.7.6.1.1}{\376\377\0007\000.\0006\000.\0001\000.\0001\000\040\000M\000o\000d\000e\000\050\000\051}{subsection.7.6.1}% 141
\BOOKMARK [2][-]{subsection.7.6.2}{\376\377\0007\000.\0006\000.\0002\000\040\000M\000e\000m\000b\000e\000r\000\040\000F\000u\000n\000c\000t\000i\000o\000n\000\040\000D\000o\000c\000u\000m\000e\000n\000t\000a\000t\000i\000o\000n}{section.7.6}% 142
\BOOKMARK [3][-]{subsubsection.7.6.2.1}{\376\377\0007\000.\0006\000.\0002\000.\0001\000\040\000a\000d\000d\000B\000u\000t\000t\000o\000n\000\050\000\051}{subsection.7.6.2}% 143
\BOOKMARK [3][-]{subsubsection.7.6.2.2}{\376\377\0007\000.\0006\000.\0002\000.\0002\000\040\000a\000d\000d\000L\000i\000s\000t\000e\000n\000e\000r\000\050\000\051}{subsection.7.6.2}% 144
\BOOKMARK [3][-]{subsubsection.7.6.2.3}{\376\377\0007\000.\0006\000.\0002\000.\0003\000\040\000g\000e\000t\000A\000d\000v\000a\000n\000c\000e\000\050\000\051}{subsection.7.6.2}% 145
\BOOKMARK [3][-]{subsubsection.7.6.2.4}{\376\377\0007\000.\0006\000.\0002\000.\0004\000\040\000g\000e\000t\000S\000i\000n\000g\000l\000e\000\050\000\051}{subsection.7.6.2}% 146
\BOOKMARK [2][-]{subsection.7.6.3}{\376\377\0007\000.\0006\000.\0003\000\040\000M\000e\000m\000b\000e\000r\000\040\000D\000a\000t\000a\000\040\000D\000o\000c\000u\000m\000e\000n\000t\000a\000t\000i\000o\000n}{section.7.6}% 147
\BOOKMARK [3][-]{subsubsection.7.6.3.1}{\376\377\0007\000.\0006\000.\0003\000.\0001\000\040\000b\000u\000t\000t\000o\000n\000P\000a\000n\000e\000l}{subsection.7.6.3}% 148
\BOOKMARK [3][-]{subsubsection.7.6.3.2}{\376\377\0007\000.\0006\000.\0003\000.\0002\000\040\000s\000i\000n\000g\000l\000e}{subsection.7.6.3}% 149
\BOOKMARK [3][-]{subsubsection.7.6.3.3}{\376\377\0007\000.\0006\000.\0003\000.\0003\000\040\000s\000O\000b\000s\000t\000a\000c\000l\000e}{subsection.7.6.3}% 150
\BOOKMARK [1][-]{section.7.7}{\376\377\0007\000.\0007\000\040\000m\000o\000d\000e\000l\000.\000P\000a\000d\000d\000l\000e\000\040\000C\000l\000a\000s\000s\000\040\000R\000e\000f\000e\000r\000e\000n\000c\000e}{chapter.7}% 151
\BOOKMARK [2][-]{subsection.7.7.1}{\376\377\0007\000.\0007\000.\0001\000\040\000C\000o\000n\000s\000t\000r\000u\000c\000t\000o\000r\000\040\000\046\000\040\000D\000e\000s\000t\000r\000u\000c\000t\000o\000r\000\040\000D\000o\000c\000u\000m\000e\000n\000t\000a\000t\000i\000o\000n}{section.7.7}% 152
\BOOKMARK [3][-]{subsubsection.7.7.1.1}{\376\377\0007\000.\0007\000.\0001\000.\0001\000\040\000P\000a\000d\000d\000l\000e\000\050\000\051}{subsection.7.7.1}% 153
\BOOKMARK [2][-]{subsection.7.7.2}{\376\377\0007\000.\0007\000.\0002\000\040\000M\000e\000m\000b\000e\000r\000\040\000F\000u\000n\000c\000t\000i\000o\000n\000\040\000D\000o\000c\000u\000m\000e\000n\000t\000a\000t\000i\000o\000n}{section.7.7}% 154
\BOOKMARK [3][-]{subsubsection.7.7.2.1}{\376\377\0007\000.\0007\000.\0002\000.\0001\000\040\000g\000e\000t\000H\000e\000i\000g\000h\000t\000\050\000\051}{subsection.7.7.2}% 155
\BOOKMARK [3][-]{subsubsection.7.7.2.2}{\376\377\0007\000.\0007\000.\0002\000.\0002\000\040\000g\000e\000t\000I\000n\000s\000e\000t\000\050\000\051}{subsection.7.7.2}% 156
\BOOKMARK [3][-]{subsubsection.7.7.2.3}{\376\377\0007\000.\0007\000.\0002\000.\0003\000\040\000g\000e\000t\000P\000o\000s\000i\000t\000i\000o\000n\000X\000\050\000\051}{subsection.7.7.2}% 157
\BOOKMARK [3][-]{subsubsection.7.7.2.4}{\376\377\0007\000.\0007\000.\0002\000.\0004\000\040\000g\000e\000t\000P\000o\000s\000i\000t\000i\000o\000n\000Y\000\050\000\051}{subsection.7.7.2}% 158
\BOOKMARK [3][-]{subsubsection.7.7.2.5}{\376\377\0007\000.\0007\000.\0002\000.\0005\000\040\000g\000e\000t\000W\000i\000d\000t\000h\000\050\000\051}{subsection.7.7.2}% 159
\BOOKMARK [3][-]{subsubsection.7.7.2.6}{\376\377\0007\000.\0007\000.\0002\000.\0006\000\040\000s\000e\000t\000P\000o\000s\000i\000t\000i\000o\000n\000X\000\050\000\051}{subsection.7.7.2}% 160
\BOOKMARK [3][-]{subsubsection.7.7.2.7}{\376\377\0007\000.\0007\000.\0002\000.\0007\000\040\000s\000e\000t\000P\000o\000s\000i\000t\000i\000o\000n\000Y\000\050\000\051}{subsection.7.7.2}% 161
\BOOKMARK [2][-]{subsection.7.7.3}{\376\377\0007\000.\0007\000.\0003\000\040\000M\000e\000m\000b\000e\000r\000\040\000D\000a\000t\000a\000\040\000D\000o\000c\000u\000m\000e\000n\000t\000a\000t\000i\000o\000n}{section.7.7}% 162
\BOOKMARK [3][-]{subsubsection.7.7.3.1}{\376\377\0007\000.\0007\000.\0003\000.\0001\000\040\000H\000E\000I\000G\000H\000T}{subsection.7.7.3}% 163
\BOOKMARK [3][-]{subsubsection.7.7.3.2}{\376\377\0007\000.\0007\000.\0003\000.\0002\000\040\000I\000N\000S\000E\000T}{subsection.7.7.3}% 164
\BOOKMARK [3][-]{subsubsection.7.7.3.3}{\376\377\0007\000.\0007\000.\0003\000.\0003\000\040\000p\000o\000s\000i\000t\000i\000o\000n\000X}{subsection.7.7.3}% 165
\BOOKMARK [3][-]{subsubsection.7.7.3.4}{\376\377\0007\000.\0007\000.\0003\000.\0004\000\040\000p\000o\000s\000i\000t\000i\000o\000n\000Y}{subsection.7.7.3}% 166
\BOOKMARK [3][-]{subsubsection.7.7.3.5}{\376\377\0007\000.\0007\000.\0003\000.\0005\000\040\000s\000p\000e\000e\000d}{subsection.7.7.3}% 167
\BOOKMARK [3][-]{subsubsection.7.7.3.6}{\376\377\0007\000.\0007\000.\0003\000.\0006\000\040\000W\000I\000D\000T\000H}{subsection.7.7.3}% 168
\BOOKMARK [1][-]{section.7.8}{\376\377\0007\000.\0008\000\040\000m\000o\000d\000e\000l\000.\000P\000l\000a\000y\000e\000r\000\040\000C\000l\000a\000s\000s\000\040\000R\000e\000f\000e\000r\000e\000n\000c\000e}{chapter.7}% 169
\BOOKMARK [2][-]{subsection.7.8.1}{\376\377\0007\000.\0008\000.\0001\000\040\000C\000o\000n\000s\000t\000r\000u\000c\000t\000o\000r\000\040\000\046\000\040\000D\000e\000s\000t\000r\000u\000c\000t\000o\000r\000\040\000D\000o\000c\000u\000m\000e\000n\000t\000a\000t\000i\000o\000n}{section.7.8}% 170
\BOOKMARK [3][-]{subsubsection.7.8.1.1}{\376\377\0007\000.\0008\000.\0001\000.\0001\000\040\000P\000l\000a\000y\000e\000r\000\050\000\051}{subsection.7.8.1}% 171
\BOOKMARK [2][-]{subsection.7.8.2}{\376\377\0007\000.\0008\000.\0002\000\040\000M\000e\000m\000b\000e\000r\000\040\000F\000u\000n\000c\000t\000i\000o\000n\000\040\000D\000o\000c\000u\000m\000e\000n\000t\000a\000t\000i\000o\000n}{section.7.8}% 172
\BOOKMARK [3][-]{subsubsection.7.8.2.1}{\376\377\0007\000.\0008\000.\0002\000.\0001\000\040\000c\000h\000e\000c\000k\000L\000o\000s\000s\000\050\000\051}{subsection.7.8.2}% 173
\BOOKMARK [3][-]{subsubsection.7.8.2.2}{\376\377\0007\000.\0008\000.\0002\000.\0002\000\040\000d\000e\000c\000r\000e\000m\000e\000n\000t\000L\000i\000f\000e\000\050\000\051}{subsection.7.8.2}% 174
\BOOKMARK [3][-]{subsubsection.7.8.2.3}{\376\377\0007\000.\0008\000.\0002\000.\0003\000\040\000g\000e\000t\000S\000c\000o\000r\000e\000\050\000\051}{subsection.7.8.2}% 175
\BOOKMARK [3][-]{subsubsection.7.8.2.4}{\376\377\0007\000.\0008\000.\0002\000.\0004\000\040\000r\000e\000s\000e\000t\000S\000c\000o\000r\000e\000\050\000\051}{subsection.7.8.2}% 176
\BOOKMARK [3][-]{subsubsection.7.8.2.5}{\376\377\0007\000.\0008\000.\0002\000.\0005\000\040\000s\000e\000t\000S\000c\000o\000r\000e\000\050\000\051}{subsection.7.8.2}% 177
\BOOKMARK [2][-]{subsection.7.8.3}{\376\377\0007\000.\0008\000.\0003\000\040\000M\000e\000m\000b\000e\000r\000\040\000D\000a\000t\000a\000\040\000D\000o\000c\000u\000m\000e\000n\000t\000a\000t\000i\000o\000n}{section.7.8}% 178
\BOOKMARK [3][-]{subsubsection.7.8.3.1}{\376\377\0007\000.\0008\000.\0003\000.\0001\000\040\000L\000I\000F\000E}{subsection.7.8.3}% 179
\BOOKMARK [3][-]{subsubsection.7.8.3.2}{\376\377\0007\000.\0008\000.\0003\000.\0002\000\040\000N\000O\000L\000I\000F\000E}{subsection.7.8.3}% 180
\BOOKMARK [3][-]{subsubsection.7.8.3.3}{\376\377\0007\000.\0008\000.\0003\000.\0003\000\040\000s\000c\000o\000r\000e}{subsection.7.8.3}% 181
\BOOKMARK [1][-]{section.7.9}{\376\377\0007\000.\0009\000\040\000s\000t\000a\000r\000t\000G\000a\000m\000e\000.\000P\000o\000n\000g\000G\000a\000m\000e\000\040\000C\000l\000a\000s\000s\000\040\000R\000e\000f\000e\000r\000e\000n\000c\000e}{chapter.7}% 182
\BOOKMARK [2][-]{subsection.7.9.1}{\376\377\0007\000.\0009\000.\0001\000\040\000M\000e\000m\000b\000e\000r\000\040\000F\000u\000n\000c\000t\000i\000o\000n\000\040\000D\000o\000c\000u\000m\000e\000n\000t\000a\000t\000i\000o\000n}{section.7.9}% 183
\BOOKMARK [3][-]{subsubsection.7.9.1.1}{\376\377\0007\000.\0009\000.\0001\000.\0001\000\040\000m\000a\000i\000n\000\050\000\051}{subsection.7.9.1}% 184
\BOOKMARK [1][-]{section.7.10}{\376\377\0007\000.\0001\0000\000\040\000v\000i\000e\000w\000.\000P\000o\000n\000g\000G\000a\000m\000e\000D\000i\000s\000p\000l\000a\000y\000\040\000C\000l\000a\000s\000s\000\040\000R\000e\000f\000e\000r\000e\000n\000c\000e}{chapter.7}% 185
\BOOKMARK [2][-]{subsection.7.10.1}{\376\377\0007\000.\0001\0000\000.\0001\000\040\000C\000o\000n\000s\000t\000r\000u\000c\000t\000o\000r\000\040\000\046\000\040\000D\000e\000s\000t\000r\000u\000c\000t\000o\000r\000\040\000D\000o\000c\000u\000m\000e\000n\000t\000a\000t\000i\000o\000n}{section.7.10}% 186
\BOOKMARK [3][-]{subsubsection.7.10.1.1}{\376\377\0007\000.\0001\0000\000.\0001\000.\0001\000\040\000P\000o\000n\000g\000G\000a\000m\000e\000D\000i\000s\000p\000l\000a\000y\000\050\000\051}{subsection.7.10.1}% 187
\BOOKMARK [2][-]{subsection.7.10.2}{\376\377\0007\000.\0001\0000\000.\0002\000\040\000M\000e\000m\000b\000e\000r\000\040\000F\000u\000n\000c\000t\000i\000o\000n\000\040\000D\000o\000c\000u\000m\000e\000n\000t\000a\000t\000i\000o\000n}{section.7.10}% 188
\BOOKMARK [3][-]{subsubsection.7.10.2.1}{\376\377\0007\000.\0001\0000\000.\0002\000.\0001\000\040\000g\000e\000t\000B\000a\000l\000l\000X\000\050\000\051}{subsection.7.10.2}% 189
\BOOKMARK [3][-]{subsubsection.7.10.2.2}{\376\377\0007\000.\0001\0000\000.\0002\000.\0002\000\040\000g\000e\000t\000B\000a\000l\000l\000Y\000\050\000\051}{subsection.7.10.2}% 190
\BOOKMARK [3][-]{subsubsection.7.10.2.3}{\376\377\0007\000.\0001\0000\000.\0002\000.\0003\000\040\000g\000e\000t\000B\000o\000t\000t\000o\000m\000X\000\050\000\051}{subsection.7.10.2}% 191
\BOOKMARK [3][-]{subsubsection.7.10.2.4}{\376\377\0007\000.\0001\0000\000.\0002\000.\0004\000\040\000g\000e\000t\000B\000o\000t\000t\000o\000m\000Y\000\050\000\051}{subsection.7.10.2}% 192
\BOOKMARK [3][-]{subsubsection.7.10.2.5}{\376\377\0007\000.\0001\0000\000.\0002\000.\0005\000\040\000n\000o\000B\000o\000m\000b\000\050\000\051}{subsection.7.10.2}% 193
\BOOKMARK [3][-]{subsubsection.7.10.2.6}{\376\377\0007\000.\0001\0000\000.\0002\000.\0006\000\040\000p\000a\000i\000n\000t\000C\000o\000m\000p\000o\000n\000e\000n\000t\000\050\000\051}{subsection.7.10.2}% 194
\BOOKMARK [3][-]{subsubsection.7.10.2.7}{\376\377\0007\000.\0001\0000\000.\0002\000.\0007\000\040\000s\000e\000t\000A\000d\000v\000a\000n\000c\000e\000\050\000\051}{subsection.7.10.2}% 195
\BOOKMARK [3][-]{subsubsection.7.10.2.8}{\376\377\0007\000.\0001\0000\000.\0002\000.\0008\000\040\000s\000e\000t\000B\000a\000l\000l\000\050\000\051}{subsection.7.10.2}% 196
\BOOKMARK [3][-]{subsubsection.7.10.2.9}{\376\377\0007\000.\0001\0000\000.\0002\000.\0009\000\040\000s\000e\000t\000B\000a\000l\000l\000S\000i\000z\000e\000\050\000\051}{subsection.7.10.2}% 197
\BOOKMARK [3][-]{subsubsection.7.10.2.10}{\376\377\0007\000.\0001\0000\000.\0002\000.\0001\0000\000\040\000s\000e\000t\000B\000o\000m\000b\000\050\000\051}{subsection.7.10.2}% 198
\BOOKMARK [3][-]{subsubsection.7.10.2.11}{\376\377\0007\000.\0001\0000\000.\0002\000.\0001\0001\000\040\000s\000e\000t\000B\000o\000t\000t\000o\000m\000\050\000\051}{subsection.7.10.2}% 199
\BOOKMARK [3][-]{subsubsection.7.10.2.12}{\376\377\0007\000.\0001\0000\000.\0002\000.\0001\0002\000\040\000s\000e\000t\000B\000o\000t\000t\000o\000m\000P\000a\000d\000d\000l\000e\000\050\000\051}{subsection.7.10.2}% 200
\BOOKMARK [3][-]{subsubsection.7.10.2.13}{\376\377\0007\000.\0001\0000\000.\0002\000.\0001\0003\000\040\000s\000e\000t\000B\000o\000t\000t\000o\000m\000S\000c\000o\000r\000e\000\050\000\051}{subsection.7.10.2}% 201
\BOOKMARK [3][-]{subsubsection.7.10.2.14}{\376\377\0007\000.\0001\0000\000.\0002\000.\0001\0004\000\040\000s\000e\000t\000I\000n\000s\000e\000t\000\050\000\051}{subsection.7.10.2}% 202
\BOOKMARK [3][-]{subsubsection.7.10.2.15}{\376\377\0007\000.\0001\0000\000.\0002\000.\0001\0005\000\040\000s\000e\000t\000P\000a\000d\000d\000l\000e\000H\000e\000i\000g\000h\000t\000\050\000\051}{subsection.7.10.2}% 203
\BOOKMARK [3][-]{subsubsection.7.10.2.16}{\376\377\0007\000.\0001\0000\000.\0002\000.\0001\0006\000\040\000s\000e\000t\000P\000a\000d\000d\000l\000e\000W\000i\000d\000t\000h\000\050\000\051}{subsection.7.10.2}% 204
\BOOKMARK [3][-]{subsubsection.7.10.2.17}{\376\377\0007\000.\0001\0000\000.\0002\000.\0001\0007\000\040\000s\000e\000t\000T\000o\000p\000\050\000\051}{subsection.7.10.2}% 205
\BOOKMARK [3][-]{subsubsection.7.10.2.18}{\376\377\0007\000.\0001\0000\000.\0002\000.\0001\0008\000\040\000s\000e\000t\000T\000o\000p\000P\000a\000d\000d\000l\000e\000\050\000\051}{subsection.7.10.2}% 206
\BOOKMARK [3][-]{subsubsection.7.10.2.19}{\376\377\0007\000.\0001\0000\000.\0002\000.\0001\0009\000\040\000s\000e\000t\000T\000o\000p\000S\000c\000o\000r\000e\000\050\000\051}{subsection.7.10.2}% 207
\BOOKMARK [3][-]{subsubsection.7.10.2.20}{\376\377\0007\000.\0001\0000\000.\0002\000.\0002\0000\000\040\000t\000i\000m\000e\000F\000o\000r\000B\000o\000m\000b\000\050\000\051}{subsection.7.10.2}% 208
\BOOKMARK [2][-]{subsection.7.10.3}{\376\377\0007\000.\0001\0000\000.\0003\000\040\000M\000e\000m\000b\000e\000r\000\040\000D\000a\000t\000a\000\040\000D\000o\000c\000u\000m\000e\000n\000t\000a\000t\000i\000o\000n}{section.7.10}% 209
\BOOKMARK [3][-]{subsubsection.7.10.3.1}{\376\377\0007\000.\0001\0000\000.\0003\000.\0001\000\040\000A\000D\000V\000A\000N\000C\000E}{subsection.7.10.3}% 210
\BOOKMARK [3][-]{subsubsection.7.10.3.2}{\376\377\0007\000.\0001\0000\000.\0003\000.\0002\000\040\000b\000a\000l\000l\000S\000i\000z\000e}{subsection.7.10.3}% 211
\BOOKMARK [3][-]{subsubsection.7.10.3.3}{\376\377\0007\000.\0001\0000\000.\0003\000.\0003\000\040\000b\000a\000l\000l\000X}{subsection.7.10.3}% 212
\BOOKMARK [3][-]{subsubsection.7.10.3.4}{\376\377\0007\000.\0001\0000\000.\0003\000.\0004\000\040\000b\000o\000m\000b\000X}{subsection.7.10.3}% 213
\BOOKMARK [3][-]{subsubsection.7.10.3.5}{\376\377\0007\000.\0001\0000\000.\0003\000.\0005\000\040\000b\000o\000t\000t\000o\000m\000P\000a\000d\000X}{subsection.7.10.3}% 214
\BOOKMARK [3][-]{subsubsection.7.10.3.6}{\376\377\0007\000.\0001\0000\000.\0003\000.\0006\000\040\000f\000i\000r\000s\000t}{subsection.7.10.3}% 215
\BOOKMARK [3][-]{subsubsection.7.10.3.7}{\376\377\0007\000.\0001\0000\000.\0003\000.\0007\000\040\000f\000r\000a\000m\000e\000H\000e\000i\000g\000h\000t}{subsection.7.10.3}% 216
\BOOKMARK [3][-]{subsubsection.7.10.3.8}{\376\377\0007\000.\0001\0000\000.\0003\000.\0008\000\040\000f\000r\000a\000m\000e\000W\000i\000d\000t\000h}{subsection.7.10.3}% 217
\BOOKMARK [3][-]{subsubsection.7.10.3.9}{\376\377\0007\000.\0001\0000\000.\0003\000.\0009\000\040\000g\000a\000m\000e\000M\000o\000d\000e}{subsection.7.10.3}% 218
\BOOKMARK [3][-]{subsubsection.7.10.3.10}{\376\377\0007\000.\0001\0000\000.\0003\000.\0001\0000\000\040\000i\000n\000s\000e\000t}{subsection.7.10.3}% 219
\BOOKMARK [3][-]{subsubsection.7.10.3.11}{\376\377\0007\000.\0001\0000\000.\0003\000.\0001\0001\000\040\000p\000a\000d\000W}{subsection.7.10.3}% 220
\BOOKMARK [3][-]{subsubsection.7.10.3.12}{\376\377\0007\000.\0001\0000\000.\0003\000.\0001\0002\000\040\000s\000c\000o\000r\000e\000T\000o\000p}{subsection.7.10.3}% 221
\BOOKMARK [3][-]{subsubsection.7.10.3.13}{\376\377\0007\000.\0001\0000\000.\0003\000.\0001\0003\000\040\000S\000I\000N\000G\000L\000E}{subsection.7.10.3}% 222
\BOOKMARK [3][-]{subsubsection.7.10.3.14}{\376\377\0007\000.\0001\0000\000.\0003\000.\0001\0004\000\040\000s\000t\000a\000r\000t\000B\000o\000m\000b}{subsection.7.10.3}% 223
\BOOKMARK [3][-]{subsubsection.7.10.3.15}{\376\377\0007\000.\0001\0000\000.\0003\000.\0001\0005\000\040\000t\000o\000p\000P\000a\000d\000X}{subsection.7.10.3}% 224
\BOOKMARK [1][-]{section.7.11}{\376\377\0007\000.\0001\0001\000\040\000v\000i\000e\000w\000.\000T\000u\000t\000o\000r\000i\000a\000l\000\040\000C\000l\000a\000s\000s\000\040\000R\000e\000f\000e\000r\000e\000n\000c\000e}{chapter.7}% 225
\BOOKMARK [2][-]{subsection.7.11.1}{\376\377\0007\000.\0001\0001\000.\0001\000\040\000C\000o\000n\000s\000t\000r\000u\000c\000t\000o\000r\000\040\000\046\000\040\000D\000e\000s\000t\000r\000u\000c\000t\000o\000r\000\040\000D\000o\000c\000u\000m\000e\000n\000t\000a\000t\000i\000o\000n}{section.7.11}% 226
\BOOKMARK [3][-]{subsubsection.7.11.1.1}{\376\377\0007\000.\0001\0001\000.\0001\000.\0001\000\040\000T\000u\000t\000o\000r\000i\000a\000l\000\050\000\051}{subsection.7.11.1}% 227
\BOOKMARK [2][-]{subsection.7.11.2}{\376\377\0007\000.\0001\0001\000.\0002\000\040\000M\000e\000m\000b\000e\000r\000\040\000F\000u\000n\000c\000t\000i\000o\000n\000\040\000D\000o\000c\000u\000m\000e\000n\000t\000a\000t\000i\000o\000n}{section.7.11}% 228
\BOOKMARK [3][-]{subsubsection.7.11.2.1}{\376\377\0007\000.\0001\0001\000.\0002\000.\0001\000\040\000a\000d\000d\000L\000i\000s\000t\000e\000n\000e\000r\000\050\000\051}{subsection.7.11.2}% 229
\BOOKMARK [3][-]{subsubsection.7.11.2.2}{\376\377\0007\000.\0001\0001\000.\0002\000.\0002\000\040\000g\000e\000t\000B\000a\000c\000k\000\050\000\051}{subsection.7.11.2}% 230
\BOOKMARK [2][-]{subsection.7.11.3}{\376\377\0007\000.\0001\0001\000.\0003\000\040\000M\000e\000m\000b\000e\000r\000\040\000D\000a\000t\000a\000\040\000D\000o\000c\000u\000m\000e\000n\000t\000a\000t\000i\000o\000n}{section.7.11}% 231
\BOOKMARK [3][-]{subsubsection.7.11.3.1}{\376\377\0007\000.\0001\0001\000.\0003\000.\0001\000\040\000b\000a\000c\000k}{subsection.7.11.3}% 232
\BOOKMARK [1][-]{section.7.12}{\376\377\0007\000.\0001\0002\000\040\000v\000i\000e\000w\000.\000W\000e\000l\000c\000o\000m\000e\000\040\000C\000l\000a\000s\000s\000\040\000R\000e\000f\000e\000r\000e\000n\000c\000e}{chapter.7}% 233
\BOOKMARK [2][-]{subsection.7.12.1}{\376\377\0007\000.\0001\0002\000.\0001\000\040\000C\000o\000n\000s\000t\000r\000u\000c\000t\000o\000r\000\040\000\046\000\040\000D\000e\000s\000t\000r\000u\000c\000t\000o\000r\000\040\000D\000o\000c\000u\000m\000e\000n\000t\000a\000t\000i\000o\000n}{section.7.12}% 234
\BOOKMARK [3][-]{subsubsection.7.12.1.1}{\376\377\0007\000.\0001\0002\000.\0001\000.\0001\000\040\000W\000e\000l\000c\000o\000m\000e\000\050\000\051}{subsection.7.12.1}% 235
\BOOKMARK [2][-]{subsection.7.12.2}{\376\377\0007\000.\0001\0002\000.\0002\000\040\000M\000e\000m\000b\000e\000r\000\040\000F\000u\000n\000c\000t\000i\000o\000n\000\040\000D\000o\000c\000u\000m\000e\000n\000t\000a\000t\000i\000o\000n}{section.7.12}% 236
\BOOKMARK [3][-]{subsubsection.7.12.2.1}{\376\377\0007\000.\0001\0002\000.\0002\000.\0001\000\040\000a\000d\000d\000B\000u\000t\000t\000o\000n\000\050\000\051}{subsection.7.12.2}% 237
\BOOKMARK [3][-]{subsubsection.7.12.2.2}{\376\377\0007\000.\0001\0002\000.\0002\000.\0002\000\040\000a\000d\000d\000L\000i\000s\000t\000e\000n\000e\000r\000\050\000\051}{subsection.7.12.2}% 238
\BOOKMARK [3][-]{subsubsection.7.12.2.3}{\376\377\0007\000.\0001\0002\000.\0002\000.\0003\000\040\000e\000x\000i\000t\000\050\000\051}{subsection.7.12.2}% 239
\BOOKMARK [3][-]{subsubsection.7.12.2.4}{\376\377\0007\000.\0001\0002\000.\0002\000.\0004\000\040\000g\000e\000t\000S\000t\000a\000r\000t\000\050\000\051}{subsection.7.12.2}% 240
\BOOKMARK [3][-]{subsubsection.7.12.2.5}{\376\377\0007\000.\0001\0002\000.\0002\000.\0005\000\040\000h\000i\000g\000h\000S\000c\000o\000r\000e\000s\000\050\000\051}{subsection.7.12.2}% 241
\BOOKMARK [3][-]{subsubsection.7.12.2.6}{\376\377\0007\000.\0001\0002\000.\0002\000.\0006\000\040\000l\000o\000a\000d\000\050\000\051}{subsection.7.12.2}% 242
\BOOKMARK [3][-]{subsubsection.7.12.2.7}{\376\377\0007\000.\0001\0002\000.\0002\000.\0007\000\040\000t\000u\000t\000o\000r\000i\000a\000l\000\050\000\051}{subsection.7.12.2}% 243
\BOOKMARK [2][-]{subsection.7.12.3}{\376\377\0007\000.\0001\0002\000.\0003\000\040\000M\000e\000m\000b\000e\000r\000\040\000D\000a\000t\000a\000\040\000D\000o\000c\000u\000m\000e\000n\000t\000a\000t\000i\000o\000n}{section.7.12}% 244
\BOOKMARK [3][-]{subsubsection.7.12.3.1}{\376\377\0007\000.\0001\0002\000.\0003\000.\0001\000\040\000b\000u\000t\000t\000o\000n\000P\000a\000n\000e\000l}{subsection.7.12.3}% 245
\BOOKMARK [3][-]{subsubsection.7.12.3.2}{\376\377\0007\000.\0001\0002\000.\0003\000.\0002\000\040\000e\000x\000i\000t}{subsection.7.12.3}% 246
\BOOKMARK [3][-]{subsubsection.7.12.3.3}{\376\377\0007\000.\0001\0002\000.\0003\000.\0003\000\040\000h\000i\000g\000h\000S\000c\000o\000r\000e\000s}{subsection.7.12.3}% 247
\BOOKMARK [3][-]{subsubsection.7.12.3.4}{\376\377\0007\000.\0001\0002\000.\0003\000.\0004\000\040\000l\000o\000a\000d}{subsection.7.12.3}% 248
\BOOKMARK [3][-]{subsubsection.7.12.3.5}{\376\377\0007\000.\0001\0002\000.\0003\000.\0005\000\040\000s\000t\000a\000r\000t}{subsection.7.12.3}% 249
\BOOKMARK [3][-]{subsubsection.7.12.3.6}{\376\377\0007\000.\0001\0002\000.\0003\000.\0006\000\040\000t\000u\000t\000o\000r\000i\000a\000l}{subsection.7.12.3}% 250
\BOOKMARK [0][-]{chapter.8}{\376\377\0008\000\040\000F\000i\000l\000e\000\040\000D\000o\000c\000u\000m\000e\000n\000t\000a\000t\000i\000o\000n}{}% 251
\BOOKMARK [1][-]{section.8.1}{\376\377\0008\000.\0001\000\040\000s\000r\000c\000/\000m\000o\000d\000e\000l\000/\000B\000a\000l\000l\000.\000j\000a\000v\000a\000\040\000F\000i\000l\000e\000\040\000R\000e\000f\000e\000r\000e\000n\000c\000e}{chapter.8}% 252
\BOOKMARK [2][-]{subsection.8.1.1}{\376\377\0008\000.\0001\000.\0001\000\040\000D\000e\000t\000a\000i\000l\000e\000d\000\040\000D\000e\000s\000c\000r\000i\000p\000t\000i\000o\000n}{section.8.1}% 253
\BOOKMARK [1][-]{section.8.2}{\376\377\0008\000.\0002\000\040\000s\000r\000c\000/\000m\000o\000d\000e\000l\000/\000G\000a\000m\000e\000M\000o\000d\000e\000l\000.\000j\000a\000v\000a\000\040\000F\000i\000l\000e\000\040\000R\000e\000f\000e\000r\000e\000n\000c\000e}{chapter.8}% 254
\BOOKMARK [2][-]{subsection.8.2.1}{\376\377\0008\000.\0002\000.\0001\000\040\000D\000e\000t\000a\000i\000l\000e\000d\000\040\000D\000e\000s\000c\000r\000i\000p\000t\000i\000o\000n}{section.8.2}% 255
\BOOKMARK [1][-]{section.8.3}{\376\377\0008\000.\0003\000\040\000s\000r\000c\000/\000m\000o\000d\000e\000l\000/\000P\000a\000d\000d\000l\000e\000.\000j\000a\000v\000a\000\040\000F\000i\000l\000e\000\040\000R\000e\000f\000e\000r\000e\000n\000c\000e}{chapter.8}% 256
\BOOKMARK [2][-]{subsection.8.3.1}{\376\377\0008\000.\0003\000.\0001\000\040\000D\000e\000t\000a\000i\000l\000e\000d\000\040\000D\000e\000s\000c\000r\000i\000p\000t\000i\000o\000n}{section.8.3}% 257
\BOOKMARK [1][-]{section.8.4}{\376\377\0008\000.\0004\000\040\000s\000r\000c\000/\000m\000o\000d\000e\000l\000/\000P\000l\000a\000y\000e\000r\000.\000j\000a\000v\000a\000\040\000F\000i\000l\000e\000\040\000R\000e\000f\000e\000r\000e\000n\000c\000e}{chapter.8}% 258
\BOOKMARK [2][-]{subsection.8.4.1}{\376\377\0008\000.\0004\000.\0001\000\040\000D\000e\000t\000a\000i\000l\000e\000d\000\040\000D\000e\000s\000c\000r\000i\000p\000t\000i\000o\000n}{section.8.4}% 259
\BOOKMARK [1][-]{section.8.5}{\376\377\0008\000.\0005\000\040\000s\000r\000c\000/\000s\000t\000a\000r\000t\000G\000a\000m\000e\000/\000G\000a\000m\000e\000C\000o\000n\000t\000r\000o\000l\000l\000e\000r\000.\000j\000a\000v\000a\000\040\000F\000i\000l\000e\000\040\000R\000e\000f\000e\000r\000e\000n\000c\000e}{chapter.8}% 260
\BOOKMARK [2][-]{subsection.8.5.1}{\376\377\0008\000.\0005\000.\0001\000\040\000D\000e\000t\000a\000i\000l\000e\000d\000\040\000D\000e\000s\000c\000r\000i\000p\000t\000i\000o\000n}{section.8.5}% 261
\BOOKMARK [1][-]{section.8.6}{\376\377\0008\000.\0006\000\040\000s\000r\000c\000/\000s\000t\000a\000r\000t\000G\000a\000m\000e\000/\000P\000o\000n\000g\000G\000a\000m\000e\000.\000j\000a\000v\000a\000\040\000F\000i\000l\000e\000\040\000R\000e\000f\000e\000r\000e\000n\000c\000e}{chapter.8}% 262
\BOOKMARK [2][-]{subsection.8.6.1}{\376\377\0008\000.\0006\000.\0001\000\040\000D\000e\000t\000a\000i\000l\000e\000d\000\040\000D\000e\000s\000c\000r\000i\000p\000t\000i\000o\000n}{section.8.6}% 263
\BOOKMARK [1][-]{section.8.7}{\376\377\0008\000.\0007\000\040\000s\000r\000c\000/\000v\000i\000e\000w\000/\000G\000a\000m\000e\000V\000i\000e\000w\000.\000j\000a\000v\000a\000\040\000F\000i\000l\000e\000\040\000R\000e\000f\000e\000r\000e\000n\000c\000e}{chapter.8}% 264
\BOOKMARK [2][-]{subsection.8.7.1}{\376\377\0008\000.\0007\000.\0001\000\040\000D\000e\000t\000a\000i\000l\000e\000d\000\040\000D\000e\000s\000c\000r\000i\000p\000t\000i\000o\000n}{section.8.7}% 265
\BOOKMARK [1][-]{section.8.8}{\376\377\0008\000.\0008\000\040\000s\000r\000c\000/\000v\000i\000e\000w\000/\000H\000i\000g\000h\000S\000c\000o\000r\000e\000.\000j\000a\000v\000a\000\040\000F\000i\000l\000e\000\040\000R\000e\000f\000e\000r\000e\000n\000c\000e}{chapter.8}% 266
\BOOKMARK [1][-]{section.8.9}{\376\377\0008\000.\0009\000\040\000s\000r\000c\000/\000v\000i\000e\000w\000/\000M\000o\000d\000e\000.\000j\000a\000v\000a\000\040\000F\000i\000l\000e\000\040\000R\000e\000f\000e\000r\000e\000n\000c\000e}{chapter.8}% 267
\BOOKMARK [2][-]{subsection.8.9.1}{\376\377\0008\000.\0009\000.\0001\000\040\000D\000e\000t\000a\000i\000l\000e\000d\000\040\000D\000e\000s\000c\000r\000i\000p\000t\000i\000o\000n}{section.8.9}% 268
\BOOKMARK [1][-]{section.8.10}{\376\377\0008\000.\0001\0000\000\040\000s\000r\000c\000/\000v\000i\000e\000w\000/\000P\000o\000n\000g\000G\000a\000m\000e\000D\000i\000s\000p\000l\000a\000y\000.\000j\000a\000v\000a\000\040\000F\000i\000l\000e\000\040\000R\000e\000f\000e\000r\000e\000n\000c\000e}{chapter.8}% 269
\BOOKMARK [2][-]{subsection.8.10.1}{\376\377\0008\000.\0001\0000\000.\0001\000\040\000D\000e\000t\000a\000i\000l\000e\000d\000\040\000D\000e\000s\000c\000r\000i\000p\000t\000i\000o\000n}{section.8.10}% 270
\BOOKMARK [1][-]{section.8.11}{\376\377\0008\000.\0001\0001\000\040\000s\000r\000c\000/\000v\000i\000e\000w\000/\000T\000u\000t\000o\000r\000i\000a\000l\000.\000j\000a\000v\000a\000\040\000F\000i\000l\000e\000\040\000R\000e\000f\000e\000r\000e\000n\000c\000e}{chapter.8}% 271
\BOOKMARK [2][-]{subsection.8.11.1}{\376\377\0008\000.\0001\0001\000.\0001\000\040\000D\000e\000t\000a\000i\000l\000e\000d\000\040\000D\000e\000s\000c\000r\000i\000p\000t\000i\000o\000n}{section.8.11}% 272
\BOOKMARK [1][-]{section.8.12}{\376\377\0008\000.\0001\0002\000\040\000s\000r\000c\000/\000v\000i\000e\000w\000/\000W\000e\000l\000c\000o\000m\000e\000.\000j\000a\000v\000a\000\040\000F\000i\000l\000e\000\040\000R\000e\000f\000e\000r\000e\000n\000c\000e}{chapter.8}% 273
\BOOKMARK [2][-]{subsection.8.12.1}{\376\377\0008\000.\0001\0002\000.\0001\000\040\000D\000e\000t\000a\000i\000l\000e\000d\000\040\000D\000e\000s\000c\000r\000i\000p\000t\000i\000o\000n}{section.8.12}% 274
\BOOKMARK [0][-]{section*.60}{\376\377\000I\000n\000d\000e\000x}{}% 275
